2024-11-14 17:28:32,957 [INFO] Activator:176 - 


2024-11-14 17:28:32,958 [INFO] Activator:177 - !SESSION log4j initialized
2024-11-14 17:28:35,138 [INFO] LogOutputStream:77 - [STDOUT_REDIRECT] 
2024-11-14 17:28:36,297 [INFO] ApplicationProperties:184 - Using Application install path: C:\ST\STM32CubeIDE_1.14.1\STM32CubeIDE\plugins\com.st.stm32cube.common.mx_6.10.0.202311202037
2024-11-14 17:28:36,314 [INFO] DbMcusXml:78 - Set database path to: C:\ST\STM32CubeIDE_1.14.1\STM32CubeIDE\plugins\com.st.stm32cube.common.mx_6.10.0.202311202037\\db\/mcu/
2024-11-14 17:28:36,314 [INFO] ApiDb:274 - Set plugin database path to: C:\ST\STM32CubeIDE_1.14.1\STM32CubeIDE\plugins\com.st.stm32cube.common.mx_6.10.0.202311202037\\db\/plugins/boardmanager/
2024-11-14 17:28:36,317 [WARN] ApiDb:259 - Overriding images path with different value:  => C:\ST\STM32CubeIDE_1.14.1\STM32CubeIDE\plugins\com.st.stm32cube.common.mx_6.10.0.202311202037\\db\/plugins/mcufinder/images/
2024-11-14 17:28:36,327 [INFO] ApiDb:250 - Set database path to: C:\Users\Dr. Umesh Dutta\.stmcufinder\plugins\mcufinder//mcu/
2024-11-14 17:28:36,328 [INFO] DbMcusAds:125 - Set database path to: C:\Users\Dr. Umesh Dutta\.stmcufinder\plugins\mcufinder//mcu/
2024-11-14 17:28:36,330 [INFO] CrossReferenceDbSqlite:203 - Set database path to: C:\Users\Dr. Umesh Dutta\.stmcufinder\plugins\mcufinder//mcu/cs/
2024-11-14 17:28:36,420 [INFO] RulesReader:64 - Compatibility file has been processed (297 Rules)
2024-11-14 17:28:36,485 [INFO] DbMcusXml:78 - Set database path to: C:\ST\STM32CubeIDE_1.14.1\STM32CubeIDE\plugins\com.st.stm32cube.common.mx_6.10.0.202311202037\\db\/mcu/
2024-11-14 17:28:36,485 [INFO] ApiDb:274 - Set plugin database path to: C:\ST\STM32CubeIDE_1.14.1\STM32CubeIDE\plugins\com.st.stm32cube.common.mx_6.10.0.202311202037\\db\/plugins/boardmanager/
2024-11-14 17:28:36,485 [INFO] ApiDb:261 - Set plugin images path to: C:\ST\STM32CubeIDE_1.14.1\STM32CubeIDE\plugins\com.st.stm32cube.common.mx_6.10.0.202311202037\\db\/plugins/mcufinder/images/
2024-11-14 17:28:36,486 [WARN] DbFile:41 - Overriding database path with different value: C:\Users\Dr. Umesh Dutta\.stmcufinder\plugins\mcufinder/ => C:\Users\Dr. Umesh Dutta\.stmcufinder\plugins\mcufinder
2024-11-14 17:28:36,486 [INFO] ApiDb:250 - Set database path to: C:\Users\Dr. Umesh Dutta\.stmcufinder\plugins\mcufinder//mcu/
2024-11-14 17:28:36,486 [WARN] DbFile:41 - Overriding database path with different value: C:\Users\Dr. Umesh Dutta\.stmcufinder\plugins\mcufinder/ => C:\Users\Dr. Umesh Dutta\.stmcufinder\plugins\mcufinder
2024-11-14 17:28:36,486 [INFO] DbMcusAds:125 - Set database path to: C:\Users\Dr. Umesh Dutta\.stmcufinder\plugins\mcufinder//mcu/
2024-11-14 17:28:36,486 [WARN] DbFile:41 - Overriding database path with different value: C:\Users\Dr. Umesh Dutta\.stmcufinder\plugins\mcufinder/ => C:\Users\Dr. Umesh Dutta\.stmcufinder\plugins\mcufinder
2024-11-14 17:28:36,486 [WARN] DbFile:41 - Overriding database path with different value: C:\Users\Dr. Umesh Dutta\.stmcufinder\plugins\mcufinder/ => C:\Users\Dr. Umesh Dutta\.stmcufinder\plugins\mcufinder
2024-11-14 17:28:36,486 [INFO] CrossReferenceDbSqlite:203 - Set database path to: C:\Users\Dr. Umesh Dutta\.stmcufinder\plugins\mcufinder//mcu/cs/
2024-11-14 17:28:36,555 [INFO] MainPanel:264 - HeapMemory: 268435456
2024-11-14 17:28:36,636 [INFO] DbMcusXml:78 - Set database path to: C:\ST\STM32CubeIDE_1.14.1\STM32CubeIDE\plugins\com.st.stm32cube.common.mx_6.10.0.202311202037\\db\/mcu/
2024-11-14 17:28:36,636 [INFO] ApiDb:274 - Set plugin database path to: C:\ST\STM32CubeIDE_1.14.1\STM32CubeIDE\plugins\com.st.stm32cube.common.mx_6.10.0.202311202037\\db\/plugins/boardmanager/
2024-11-14 17:28:36,636 [INFO] ApiDb:261 - Set plugin images path to: C:\ST\STM32CubeIDE_1.14.1\STM32CubeIDE\plugins\com.st.stm32cube.common.mx_6.10.0.202311202037\\db\/plugins/mcufinder/images/
2024-11-14 17:28:36,637 [WARN] DbFile:41 - Overriding database path with different value: C:\Users\Dr. Umesh Dutta\.stmcufinder\plugins\mcufinder/ => C:\Users\Dr. Umesh Dutta\.stmcufinder\plugins\mcufinder
2024-11-14 17:28:36,637 [INFO] ApiDb:250 - Set database path to: C:\Users\Dr. Umesh Dutta\.stmcufinder\plugins\mcufinder//mcu/
2024-11-14 17:28:36,637 [WARN] DbFile:41 - Overriding database path with different value: C:\Users\Dr. Umesh Dutta\.stmcufinder\plugins\mcufinder/ => C:\Users\Dr. Umesh Dutta\.stmcufinder\plugins\mcufinder
2024-11-14 17:28:36,637 [INFO] DbMcusAds:125 - Set database path to: C:\Users\Dr. Umesh Dutta\.stmcufinder\plugins\mcufinder//mcu/
2024-11-14 17:28:36,637 [WARN] DbFile:41 - Overriding database path with different value: C:\Users\Dr. Umesh Dutta\.stmcufinder\plugins\mcufinder/ => C:\Users\Dr. Umesh Dutta\.stmcufinder\plugins\mcufinder
2024-11-14 17:28:36,637 [WARN] DbFile:41 - Overriding database path with different value: C:\Users\Dr. Umesh Dutta\.stmcufinder\plugins\mcufinder/ => C:\Users\Dr. Umesh Dutta\.stmcufinder\plugins\mcufinder
2024-11-14 17:28:36,637 [INFO] CrossReferenceDbSqlite:203 - Set database path to: C:\Users\Dr. Umesh Dutta\.stmcufinder\plugins\mcufinder//mcu/cs/
2024-11-14 17:28:36,651 [INFO] ApplicationProperties:184 - Using Application install path: C:\ST\STM32CubeIDE_1.14.1\STM32CubeIDE\plugins\com.st.stm32cube.common.mx_6.10.0.202311202037
2024-11-14 17:28:36,653 [INFO] PluginManage:196 - Search for loadable plugins [exclusion list=, ]
2024-11-14 17:28:36,654 [INFO] PluginManage:310 - Check plugin analytics
2024-11-14 17:28:36,776 [INFO] AnalyticsPlugin:253 - Accepted Software Licenses: STM32CubeMX.6.10.0
2024-11-14 17:28:36,776 [INFO] AnalyticsPlugin:255 - Accepted CMSIS Pack Licenses: 
2024-11-14 17:28:36,776 [INFO] AnalyticsPlugin:257 - Accepted Firmware Licenses: FW.F4.1.28.0
2024-11-14 17:28:36,779 [INFO] PluginManage:359 - Loaded plugin analytics (category:tool,tabindex:-1)
2024-11-14 17:28:36,780 [INFO] PluginManage:310 - Check plugin cadmodel
2024-11-14 17:28:36,784 [INFO] CADModel:105 - Init CAD model plugin
2024-11-14 17:28:36,784 [INFO] PluginManage:359 - Loaded plugin cadmodel (category:power,tabindex:5)
2024-11-14 17:28:36,784 [INFO] PluginManage:310 - Check plugin clock
2024-11-14 17:28:36,790 [INFO] PluginManage:359 - Loaded plugin clock (category:base,tabindex:2)
2024-11-14 17:28:36,791 [INFO] PluginManage:310 - Check plugin ddr
2024-11-14 17:28:36,793 [INFO] PluginManage:359 - Loaded plugin ddr (category:tool,tabindex:6)
2024-11-14 17:28:36,793 [INFO] PluginManage:310 - Check plugin filemanager
2024-11-14 17:28:36,900 [INFO] PluginManage:359 - Loaded plugin filemanager (category:base,tabindex:10)
2024-11-14 17:28:36,900 [INFO] PluginManage:310 - Check plugin ipmanager
2024-11-14 17:28:36,906 [INFO] PluginManage:359 - Loaded plugin ipmanager (category:base,tabindex:5)
2024-11-14 17:28:36,906 [INFO] PluginManage:310 - Check plugin lpbam
2024-11-14 17:28:36,912 [INFO] PluginManage:359 - Loaded plugin lpbam (category:base,tabindex:0)
2024-11-14 17:28:36,913 [INFO] PluginManage:310 - Check plugin memorymap
2024-11-14 17:28:36,923 [INFO] PluginManage:359 - Loaded plugin memorymap (category:base,tabindex:4)
2024-11-14 17:28:36,923 [INFO] PluginManage:310 - Check plugin pinoutandconfiguration
2024-11-14 17:28:36,927 [INFO] PluginManage:359 - Loaded plugin pinoutandconfiguration (category:base,tabindex:1)
2024-11-14 17:28:36,927 [INFO] PluginManage:310 - Check plugin pinoutconfig
2024-11-14 17:28:37,033 [WARN] SupportedApi:132 - Cannot load RTOS API schema: s4s-elt-must-match.1: The content of 'definitions' must match (annotation?, (simpleType | complexType)?, (unique | key | keyref)*)). A problem was found starting at: attribute.
2024-11-14 17:28:37,142 [INFO] PluginManage:359 - Loaded plugin pinoutconfig (category:base,tabindex:0)
2024-11-14 17:28:37,142 [INFO] PluginManage:310 - Check plugin power
2024-11-14 17:28:37,149 [INFO] PluginManage:359 - Loaded plugin power (category:power,tabindex:4)
2024-11-14 17:28:37,150 [INFO] PluginManage:310 - Check plugin projectmanager
2024-11-14 17:28:37,162 [INFO] PluginManage:359 - Loaded plugin projectmanager (category:projectmanager,tabindex:3)
2024-11-14 17:28:37,162 [INFO] PluginManage:310 - Check plugin thirdparty
2024-11-14 17:28:37,282 [INFO] PluginManage:359 - Loaded plugin thirdparty (category:base,tabindex:-1)
2024-11-14 17:28:37,282 [INFO] PluginManage:310 - Check plugin tools
2024-11-14 17:28:37,282 [WARN] IntegrityCheckThread:84 - waiting for thirdparty lock release [integrity check]
2024-11-14 17:28:37,283 [INFO] IntegrityCheckThread:86 - entering critical section [integrity check]
2024-11-14 17:28:37,284 [INFO] ThirdPartyUpdaterWithRetryManager:70 - Updater plugin not ready yet. [1/15]
2024-11-14 17:28:37,284 [INFO] PluginManage:359 - Loaded plugin tools (category:base,tabindex:7)
2024-11-14 17:28:37,285 [INFO] PluginManage:310 - Check plugin tutovideos
2024-11-14 17:28:37,348 [INFO] McuFinderGlobals:63 - Set McuFinder mode to 2 (CubeIDE integrated)
2024-11-14 17:28:37,454 [INFO] PluginManage:359 - Loaded plugin tutovideos (category:base,tabindex:-1)
2024-11-14 17:28:37,454 [INFO] PluginManage:310 - Check plugin updater
2024-11-14 17:28:37,463 [INFO] PluginManage:359 - Loaded plugin updater (category:base,tabindex:12)
2024-11-14 17:28:37,463 [INFO] PluginManage:310 - Check plugin userauth
2024-11-14 17:28:37,470 [INFO] UserAuth:114 - Init User Auth plugin
2024-11-14 17:28:37,470 [INFO] PluginManage:359 - Loaded plugin userauth (category:base,tabindex:14)
2024-11-14 17:28:37,470 [INFO] PluginManage:283 - PluginManage : Loaded plugins [17]
2024-11-14 17:28:37,642 [INFO] PinOutPanel:1499 - setPackage(No Configuration,No Configuration)
2024-11-14 17:28:37,701 [INFO] CADModel:165 - CPN selected for project level
2024-11-14 17:28:37,701 [INFO] CADModel:114 - Register for checkConnection events
2024-11-14 17:28:37,716 [INFO] IPUIPlugin:80 - create IPUIPlugin
2024-11-14 17:28:37,716 [INFO] PluginManager:220 - loadIPPluginJar : add adc
2024-11-14 17:28:37,718 [INFO] IPUIPlugin:80 - create IPUIPlugin
2024-11-14 17:28:37,718 [INFO] PluginManager:220 - loadIPPluginJar : add aes
2024-11-14 17:28:37,720 [INFO] IPUIPlugin:80 - create IPUIPlugin
2024-11-14 17:28:37,720 [INFO] PluginManager:220 - loadIPPluginJar : add can
2024-11-14 17:28:37,721 [INFO] IPUIPlugin:80 - create IPUIPlugin
2024-11-14 17:28:37,721 [INFO] PluginManager:220 - loadIPPluginJar : add comp
2024-11-14 17:28:37,722 [INFO] IPUIPlugin:80 - create IPUIPlugin
2024-11-14 17:28:37,722 [INFO] PluginManager:220 - loadIPPluginJar : add cryp
2024-11-14 17:28:37,724 [INFO] IPUIPlugin:80 - create IPUIPlugin
2024-11-14 17:28:37,724 [INFO] PluginManager:220 - loadIPPluginJar : add dfsdm
2024-11-14 17:28:37,728 [INFO] IPUIPlugin:80 - create IPUIPlugin
2024-11-14 17:28:37,728 [INFO] PluginManager:220 - loadIPPluginJar : add dma
2024-11-14 17:28:37,730 [INFO] IPUIPlugin:80 - create IPUIPlugin
2024-11-14 17:28:37,730 [INFO] PluginManager:220 - loadIPPluginJar : add dma3
2024-11-14 17:28:37,731 [INFO] IPUIPlugin:80 - create IPUIPlugin
2024-11-14 17:28:37,731 [INFO] PluginManager:220 - loadIPPluginJar : add fatfs
2024-11-14 17:28:37,734 [INFO] IPUIPlugin:80 - create IPUIPlugin
2024-11-14 17:28:37,734 [INFO] PluginManager:220 - loadIPPluginJar : add fmc
2024-11-14 17:28:37,737 [INFO] IPUIPlugin:80 - create IPUIPlugin
2024-11-14 17:28:37,737 [INFO] PluginManager:220 - loadIPPluginJar : add freertos
2024-11-14 17:28:37,738 [INFO] IPUIPlugin:80 - create IPUIPlugin
2024-11-14 17:28:37,739 [INFO] PluginManager:220 - loadIPPluginJar : add genericplugin
2024-11-14 17:28:37,740 [INFO] IPUIPlugin:80 - create IPUIPlugin
2024-11-14 17:28:37,740 [INFO] PluginManager:220 - loadIPPluginJar : add gfxmmu
2024-11-14 17:28:37,744 [INFO] IPUIPlugin:80 - create IPUIPlugin
2024-11-14 17:28:37,744 [INFO] PluginManager:220 - loadIPPluginJar : add gic
2024-11-14 17:28:37,746 [INFO] IPUIPlugin:80 - create IPUIPlugin
2024-11-14 17:28:37,746 [INFO] PluginManager:220 - loadIPPluginJar : add gpio
2024-11-14 17:28:37,748 [INFO] IPUIPlugin:80 - create IPUIPlugin
2024-11-14 17:28:37,748 [INFO] PluginManager:220 - loadIPPluginJar : add gtzc
2024-11-14 17:28:37,749 [INFO] IPUIPlugin:80 - create IPUIPlugin
2024-11-14 17:28:37,749 [INFO] PluginManager:220 - loadIPPluginJar : add hash
2024-11-14 17:28:37,750 [INFO] IPUIPlugin:80 - create IPUIPlugin
2024-11-14 17:28:37,750 [INFO] PluginManager:220 - loadIPPluginJar : add i2c
2024-11-14 17:28:37,752 [INFO] IPUIPlugin:80 - create IPUIPlugin
2024-11-14 17:28:37,752 [INFO] PluginManager:220 - loadIPPluginJar : add i2s
2024-11-14 17:28:37,753 [INFO] IPUIPlugin:80 - create IPUIPlugin
2024-11-14 17:28:37,753 [INFO] PluginManager:220 - loadIPPluginJar : add i3c
2024-11-14 17:28:37,755 [INFO] IPUIPlugin:80 - create IPUIPlugin
2024-11-14 17:28:37,756 [INFO] PluginManager:220 - loadIPPluginJar : add ipddr
2024-11-14 17:28:37,760 [INFO] IPUIPlugin:80 - create IPUIPlugin
2024-11-14 17:28:37,760 [INFO] PluginManager:220 - loadIPPluginJar : add linkedlist
2024-11-14 17:28:37,762 [INFO] IPUIPlugin:80 - create IPUIPlugin
2024-11-14 17:28:37,762 [INFO] PluginManager:220 - loadIPPluginJar : add lorawan
2024-11-14 17:28:37,763 [INFO] IPUIPlugin:80 - create IPUIPlugin
2024-11-14 17:28:37,763 [INFO] PluginManager:220 - loadIPPluginJar : add ltdc
2024-11-14 17:28:37,766 [INFO] IPUIPlugin:80 - create IPUIPlugin
2024-11-14 17:28:37,766 [INFO] PluginManager:220 - loadIPPluginJar : add mdma
2024-11-14 17:28:37,768 [INFO] IPUIPlugin:80 - create IPUIPlugin
2024-11-14 17:28:37,768 [INFO] PluginManager:220 - loadIPPluginJar : add nvic
2024-11-14 17:28:37,769 [INFO] IPUIPlugin:80 - create IPUIPlugin
2024-11-14 17:28:37,769 [INFO] PluginManager:220 - loadIPPluginJar : add opamp
2024-11-14 17:28:37,771 [INFO] IPUIPlugin:80 - create IPUIPlugin
2024-11-14 17:28:37,771 [INFO] PluginManager:220 - loadIPPluginJar : add openamp
2024-11-14 17:28:37,773 [INFO] IPUIPlugin:80 - create IPUIPlugin
2024-11-14 17:28:37,773 [INFO] PluginManager:220 - loadIPPluginJar : add pdm2pcm
2024-11-14 17:28:37,777 [INFO] IPUIPlugin:80 - create IPUIPlugin
2024-11-14 17:28:37,779 [INFO] PluginManager:220 - loadIPPluginJar : add plateformsettings
2024-11-14 17:28:37,779 [INFO] IPUIPlugin:80 - create IPUIPlugin
2024-11-14 17:28:37,780 [INFO] PluginManager:220 - loadIPPluginJar : add quadspi
2024-11-14 17:28:37,781 [INFO] IPUIPlugin:80 - create IPUIPlugin
2024-11-14 17:28:37,781 [INFO] PluginManager:220 - loadIPPluginJar : add resmgrutility
2024-11-14 17:28:37,783 [INFO] IPUIPlugin:80 - create IPUIPlugin
2024-11-14 17:28:37,783 [INFO] PluginManager:220 - loadIPPluginJar : add sai
2024-11-14 17:28:37,784 [INFO] IPUIPlugin:80 - create IPUIPlugin
2024-11-14 17:28:37,785 [INFO] PluginManager:220 - loadIPPluginJar : add spi
2024-11-14 17:28:37,788 [INFO] IPUIPlugin:80 - create IPUIPlugin
2024-11-14 17:28:37,788 [INFO] PluginManager:220 - loadIPPluginJar : add stm32_wpan
2024-11-14 17:28:37,789 [INFO] IPUIPlugin:80 - create IPUIPlugin
2024-11-14 17:28:37,789 [INFO] PluginManager:220 - loadIPPluginJar : add tim
2024-11-14 17:28:37,791 [INFO] IPUIPlugin:80 - create IPUIPlugin
2024-11-14 17:28:37,791 [INFO] PluginManager:220 - loadIPPluginJar : add touchsensing
2024-11-14 17:28:37,792 [INFO] IPUIPlugin:80 - create IPUIPlugin
2024-11-14 17:28:37,792 [INFO] PluginManager:220 - loadIPPluginJar : add tracer_emb
2024-11-14 17:28:37,794 [INFO] IPUIPlugin:80 - create IPUIPlugin
2024-11-14 17:28:37,794 [INFO] PluginManager:220 - loadIPPluginJar : add ts
2024-11-14 17:28:37,794 [INFO] IPUIPlugin:80 - create IPUIPlugin
2024-11-14 17:28:37,795 [INFO] PluginManager:220 - loadIPPluginJar : add tsc
2024-11-14 17:28:37,796 [INFO] IPUIPlugin:80 - create IPUIPlugin
2024-11-14 17:28:37,796 [INFO] PluginManager:220 - loadIPPluginJar : add ucpd
2024-11-14 17:28:37,797 [INFO] IPUIPlugin:80 - create IPUIPlugin
2024-11-14 17:28:37,797 [INFO] PluginManager:220 - loadIPPluginJar : add usart
2024-11-14 17:28:37,800 [INFO] IPUIPlugin:80 - create IPUIPlugin
2024-11-14 17:28:37,800 [INFO] PluginManager:220 - loadIPPluginJar : add usbx
2024-11-14 17:28:37,917 [INFO] CADModel:165 - CPN selected for project level
2024-11-14 17:28:37,918 [INFO] CADModel:114 - Register for checkConnection events
2024-11-14 17:28:37,919 [FATAL] Updater:308 - Updater called before beeing initialized
2024-11-14 17:28:37,919 [ERROR] CADModel:125 - Updater not yet initialized, retry later 
2024-11-14 17:28:38,047 [INFO] CADModel:165 - CPN selected for project level
2024-11-14 17:28:38,047 [INFO] CADModel:114 - Register for checkConnection events
2024-11-14 17:28:38,047 [FATAL] Updater:308 - Updater called before beeing initialized
2024-11-14 17:28:38,048 [ERROR] CADModel:125 - Updater not yet initialized, retry later 
2024-11-14 17:28:38,050 [FATAL] Updater:308 - Updater called before beeing initialized
2024-11-14 17:28:38,121 [FATAL] Updater:308 - Updater called before beeing initialized
2024-11-14 17:28:38,129 [INFO] DbMcusAds:53 - JSON generation date=Fri Sep 20 18:34:38 IST 2024 (1726837478367)
2024-11-14 17:28:38,129 [FATAL] Updater:308 - Updater called before beeing initialized
2024-11-14 17:28:38,161 [WARN] DetailPanel:346 - Failed to get advertising image, set to default
2024-11-14 17:28:38,231 [FATAL] Updater:308 - Updater called before beeing initialized
2024-11-14 17:28:38,233 [FATAL] Updater:308 - Updater called before beeing initialized
2024-11-14 17:28:38,233 [FATAL] Updater:308 - Updater called before beeing initialized
2024-11-14 17:28:38,233 [WARN] DetailPanel:346 - Failed to get advertising image, set to default
2024-11-14 17:28:38,233 [FATAL] Updater:308 - Updater called before beeing initialized
2024-11-14 17:28:38,263 [ERROR] Updater:1120 - MainUpdater not yet initialized. External WinMGr cannot be set.
2024-11-14 17:28:38,265 [INFO] Updater:1056 - Updater Version found : 6.10.0
2024-11-14 17:28:38,283 [INFO] ApplicationProperties:184 - Using Application install path: C:\ST\STM32CubeIDE_1.14.1\STM32CubeIDE\plugins\com.st.stm32cube.common.mx_6.10.0.202311202037
2024-11-14 17:28:38,389 [ERROR] ConfigurationRetriever:142 - IOException on connection: Read timed out
2024-11-14 17:28:40,284 [INFO] ThirdPartyUpdaterWithRetryManager:70 - Updater plugin not ready yet. [2/15]
2024-11-14 17:28:42,518 [WARN] CheckConnectionManager:291 - Warning during Server Connection :  timeout Connect to sw-center.st.com:443 [sw-center.st.com/23.55.108.42, sw-center.st.com/23.55.108.66] failed: Read timed out
2024-11-14 17:28:42,567 [INFO] MainUpdater:2873 - connection check result : 10
2024-11-14 17:28:42,568 [INFO] MainUpdater:290 - Updater Check For Update Now.
2024-11-14 17:28:42,568 [INFO] MicroXplorer:498 - Change Database Version : DB.6.0.100
2024-11-14 17:28:42,584 [INFO] McuFinderGlobals:63 - Set McuFinder mode to 2 (CubeIDE integrated)
2024-11-14 17:28:42,771 [INFO] CheckServerUpdateThread:120 - End of CheckServer Thread
2024-11-14 17:28:42,800 [INFO] MainUpdater:2873 - connection check result : 10
2024-11-14 17:28:42,867 [INFO] UserAuth:404 - Internet connection configuration mode: 1
2024-11-14 17:28:42,897 [INFO] JxBrowserEngine:152 - Initiate JxBrowser Engine with user profile folder
2024-11-14 17:28:43,199 [INFO] ApiDb:581 - Connected to CubeFinder SQLite database (C:\Users\Dr. Umesh Dutta\.stmcufinder\plugins\mcufinder\mcu\cube-finder-db.db)
2024-11-14 17:28:43,250 [INFO] ApiDb:668 - CubeFinder database Data Model version=2.1
2024-11-14 17:28:43,250 [INFO] ApiDb:669 - CubeFinder database Configuration version=3.0.39
2024-11-14 17:28:43,250 [INFO] ApiDb:670 - CubeFinder database generation date=2024-10-15 (1729006872)
2024-11-14 17:28:43,250 [INFO] ApiDb:671 - CubeFinder database FW Pack versions=[FP-ATR-ASTRA1_V2.0.0, FP-SNS-FLIGHT1_V5.0.2, FP-SNS-MOTENV1_V5.0.0, FP-SNS-MOTENVWB1_V1.4.0, FP-SNS-SMARTAG2_V1.2.0, FP-SNS-STBOX1_V2.0.0, STM32Cube_FW_C0_V1.2.0, STM32Cube_FW_F4_V1.28.1, STM32Cube_FW_F7_V1.17.2, STM32Cube_FW_G0_V1.6.2, STM32Cube_FW_G4_V1.6.0, STM32Cube_FW_H5_V1.3.0, STM32Cube_FW_H7RS_V1.1.0, STM32Cube_FW_H7_V1.11.2, STM32Cube_FW_L0_V1.12.2, STM32Cube_FW_L5_V1.5.1, STM32Cube_FW_U0_V1.1.0, STM32Cube_FW_U5_V1.6.0, STM32Cube_FW_WB0_V1.0.0, STM32Cube_FW_WBA_V1.4.1, STM32Cube_FW_WB_V1.20.0, STM32Cube_FW_WL_V1.3.0, X-CUBE-ALGOBUILD_V1.4.0, X-CUBE-ALS_V1.0.2, X-CUBE-AZRTOS-F4_V1.1.0, X-CUBE-AZRTOS-F7_V1.1.0, X-CUBE-AZRTOS-G0_V1.1.0, X-CUBE-AZRTOS-G4_V2.0.0, X-CUBE-AZRTOS-H7RS_V1.0.0, X-CUBE-AZRTOS-H7_V3.3.0, X-CUBE-AZRTOS-L4_V2.0.0, X-CUBE-AZRTOS-L5_V2.0.0, X-CUBE-AZRTOS-WB_V2.0.0, X-CUBE-AZRTOS-WL_V2.0.0, X-CUBE-BLE1_V7.0.0, X-CUBE-BLE2_V3.3.0, X-CUBE-BLEMGR_V3.1.0, X-CUBE-EEPRMA1_V5.1.0, X-CUBE-FREERTOS_V1.2.0, X-CUBE-GNSS1_V6.0.0, X-CUBE-MEMS1_V11.0.0, X-CUBE-NFC4_V3.0.0, X-CUBE-NFC7_V1.0.1, X-CUBE-SFXS2LP1_V4.0.0, X-CUBE-SUBG2_V5.0.0, X-CUBE-TOF1_V3.4.2]
2024-11-14 17:28:43,304 [INFO] DbBoardsSqlite:226 - include board P-NUCLEO-WB55-NUCLEO as a kit item of type 'Nucleo-64'
2024-11-14 17:28:43,305 [INFO] DbBoardsSqlite:226 - include board P-NUCLEO-WB55-USBDONGLE as a kit item of type 'Nucleo USB Dongle'
2024-11-14 17:28:43,305 [INFO] DbBoardsSqlite:226 - include board STEVAL-IDP005V1 as a kit item of type 'Evaluation Board'
2024-11-14 17:28:43,305 [INFO] DbBoardsSqlite:226 - include board STEVAL-IDP005V2 as a kit item of type 'Evaluation Board'
2024-11-14 17:28:43,356 [INFO] ApiDb:240 - Found 371 in-development CPN: [B-G473E-ZEST1S, B-WB1M-WPAN1, B-WL5M-SUBG1, NUCLEO-C031C6, NUCLEO-H503RB, NUCLEO-H563ZI, NUCLEO-U545RE-Q, NUCLEO-U5A5ZJ-Q, NUCLEO-WBA52CG, NUCLEO-WBA55CG, STEVAL-MKBOXPRO, STEVAL-PROTEUS1, STEVAL-STWINBX1, STM320518-EVAL, STM32C0116-DK, STM32C011D6Y3TR, STM32C011D6Y6TR, STM32C011F4P3, STM32C011F4P6, STM32C011F4U3, STM32C011F4U6TR, STM32C011F6P3, STM32C011F6P6, STM32C011F6U3, STM32C011F6U6TR, STM32C011J4M3, STM32C011J4M6, STM32C011J6M3, STM32C011J6M6, STM32C0316-DK, STM32C031C4T3, STM32C031C4T6, STM32C031C4U3, STM32C031C4U6, STM32C031C6T3, STM32C031C6T6, STM32C031C6U3, STM32C031C6U6, STM32C031F4P3, STM32C031F4P6, STM32C031F6P3, STM32C031F6P6, STM32C031G4U3, STM32C031G4U6, STM32C031G6U3, STM32C031G6U6, STM32C031K4T3, STM32C031K4T6, STM32C031K4U3, STM32C031K4U6, STM32C031K6T3, STM32C031K6T6, STM32C031K6U3, STM32C031K6U6, STM32G071K8TXN, STM32G071K8UXN, STM32G081GBU6N, STM32G081KBT6N, STM32G081KBUXN, STM32G0B1CCT6N, STM32G0B1KCT6, STM32G0B1NEY6TR, STM32G0B1RCT6N, STM32G0C1CCT6, STM32G0C1CCT6N, STM32G0C1CCU6N, STM32G0C1CET6N, STM32G0C1CEU6N, STM32G0C1KCT6, STM32G0C1NEY6TR, STM32G0C1RCI6N, STM32G0C1RCT6N, STM32G0C1REI6N, STM32G0C1RET6N, STM32G0C1VCI6, STM32G0C1VEI6, STM32G471CCT6, STM32G471CCU6, STM32G471CET3, STM32G471CET6, STM32G471CEU3, STM32G471CEU6, STM32G471MCT6, STM32G471MET3, STM32G471MET6, STM32G471MEY6TR, STM32G471QCT6, STM32G471QET3, STM32G471RCT6, STM32G471RET3, STM32G471RET6, STM32G471VCH6, STM32G471VCI6, STM32G471VCT6, STM32G471VEH3, STM32G471VEH6, STM32G471VEI3, STM32G471VEI6, STM32G471VET3, STM32G471VET6, STM32G474CCT6, STM32H503CBT6, STM32H503CBU6, STM32H503EBY6TR, STM32H503KBU6, STM32H503RBT6, STM32H562AGI6, STM32H562AII6, STM32H562IGK6, STM32H562IGT6, STM32H562IIK6, STM32H562IIT6, STM32H562RGT6, STM32H562RGV6, STM32H562RIT6, STM32H562RIV6, STM32H562VGT6, STM32H562VIT6, STM32H562ZGT6, STM32H562ZIT6, STM32H563AGI6, STM32H563AII3Q, STM32H563AII6, STM32H563IGK6, STM32H563IGT6, STM32H563IIK3Q, STM32H563IIK6, STM32H563IIT3Q, STM32H563IIT6, STM32H563MIY3QTR, STM32H563RGT6, STM32H563RGV6, STM32H563RIT6, STM32H563RIV6, STM32H563VGT6, STM32H563VIT3Q, STM32H563VIT6, STM32H563ZGT6, STM32H563ZIT3Q, STM32H563ZIT6, STM32H573AII3Q, STM32H573AII6, STM32H573I-DK, STM32H573IIK3Q, STM32H573IIK6, STM32H573IIT3Q, STM32H573IIT6, STM32H573MIY3QTR, STM32H573RIT6, STM32H573RIV6, STM32H573VIT3Q, STM32H573VIT6, STM32H573ZIT3Q, STM32H573ZIT6, STM32L4R5QGI6STR, STM32MP131AAE3, STM32MP131AAF3, STM32MP131AAG3, STM32MP131CAE3, STM32MP131CAF3, STM32MP131CAG3, STM32MP131DAE7, STM32MP131DAF7, STM32MP131DAG7, STM32MP131FAE7, STM32MP131FAF7, STM32MP131FAG7, STM32MP133AAE3, STM32MP133AAF3, STM32MP133AAG3, STM32MP133CAE3, STM32MP133CAF3, STM32MP133CAG3, STM32MP133DAE7, STM32MP133DAF7, STM32MP133DAG7, STM32MP133FAE7, STM32MP133FAF7, STM32MP133FAG7, STM32MP135AAE3, STM32MP135AAF3, STM32MP135AAG3, STM32MP135CAE3, STM32MP135CAF3, STM32MP135CAG3, STM32MP135DAE7, STM32MP135DAF7, STM32MP135DAG7, STM32MP135F-DK, STM32MP135FAE7, STM32MP135FAF7, STM32MP135FAF7T, STM32MP135FAF7U, STM32MP135FAG7, STM32U535CBT6, STM32U535CBT6Q, STM32U535CBU6, STM32U535CBU6Q, STM32U535CCT6, STM32U535CCT6Q, STM32U535CCU6, STM32U535CCU6Q, STM32U535CET6, STM32U535CET6Q, STM32U535CEU6, STM32U535CEU6Q, STM32U535JEY6QTR, STM32U535NCY6QTR, STM32U535NEY6QTR, STM32U535RBI6, STM32U535RBI6Q, STM32U535RBT6, STM32U535RBT6Q, STM32U535RCI6, STM32U535RCI6Q, STM32U535RCT6, STM32U535RCT6Q, STM32U535REI6, STM32U535REI6Q, STM32U535RET6, STM32U535RET6Q, STM32U535VCI6, STM32U535VCI6Q, STM32U535VCT6, STM32U535VCT6Q, STM32U535VEI6, STM32U535VEI6Q, STM32U535VET6, STM32U535VET6Q, STM32U545CET6, STM32U545CET6Q, STM32U545CEU6, STM32U545CEU6Q, STM32U545JEY6QTR, STM32U545NEY6QTR, STM32U545REI6, STM32U545REI6Q, STM32U545RET6, STM32U545RET6Q, STM32U545VEI6, STM32U545VEI6Q, STM32U545VET6, STM32U545VET6Q, STM32U595AIH6, STM32U595AIH6Q, STM32U595AJH6, STM32U595AJH6Q, STM32U595QII6, STM32U595QII6Q, STM32U595QJI6, STM32U595QJI6Q, STM32U595RIT6, STM32U595RIT6Q, STM32U595RJT6, STM32U595RJT6Q, STM32U595VIT6, STM32U595VIT6Q, STM32U595VJT6, STM32U595VJT6Q, STM32U595ZIT6, STM32U595ZIT6Q, STM32U595ZIY6QTR, STM32U595ZJT6, STM32U595ZJT6Q, STM32U595ZJY6QTR, STM32U599BJY6QTR, STM32U599NIH6Q, STM32U599NJH6Q, STM32U599VIT6Q, STM32U599VJT6, STM32U599VJT6Q, STM32U599ZIT6Q, STM32U599ZIY6QTR, STM32U599ZJT6Q, STM32U599ZJY6QTR, STM32U5A5AJH6, STM32U5A5AJH6Q, STM32U5A5QJI6, STM32U5A5QJI6Q, STM32U5A5RJT6, STM32U5A5RJT6Q, STM32U5A5VJT6, STM32U5A5VJT6Q, STM32U5A5ZJT6, STM32U5A5ZJT6Q, STM32U5A5ZJY6QTR, STM32U5A9BJY6QTR, STM32U5A9J-DK, STM32U5A9NJH6Q, STM32U5A9VJT6Q, STM32U5A9ZJT6Q, STM32U5A9ZJY6QTR, STM32U5F7VIT6, STM32U5F7VIT6Q, STM32U5F7VJT6, STM32U5F7VJT6Q, STM32U5F9BJY6QTR, STM32U5F9NJH6Q, STM32U5F9VIT6Q, STM32U5F9VJT6Q, STM32U5F9ZIJ6QTR, STM32U5F9ZIT6Q, STM32U5F9ZJJ6QTR, STM32U5F9ZJT6Q, STM32U5G7VJT6, STM32U5G7VJT6Q, STM32U5G9BJY6QTR, STM32U5G9J-DK1, STM32U5G9J-DK2, STM32U5G9NJH6Q, STM32U5G9VJT6Q, STM32U5G9ZJJ6QTR, STM32U5G9ZJT6Q, STM32WB1MMCH6, STM32WBA50KEU6, STM32WBA50KEU6TR, STM32WBA50KGU6, STM32WBA50KGU6TR, STM32WBA52CEU6, STM32WBA52CEU6TR, STM32WBA52CEU7, STM32WBA52CEU7TR, STM32WBA52CGU6, STM32WBA52CGU6TR, STM32WBA52CGU6U, STM32WBA52CGU7, STM32WBA52CGU7TR, STM32WBA52KEU6, STM32WBA52KEU6TR, STM32WBA52KGU6, STM32WBA52KGU6TR, STM32WBA54CEU6, STM32WBA54CEU6TR, STM32WBA54CEU7, STM32WBA54CEU7TR, STM32WBA54CGU6, STM32WBA54CGU6TR, STM32WBA54CGU7, STM32WBA54CGU7TR, STM32WBA54KEU6, STM32WBA54KEU6TR, STM32WBA54KEU7, STM32WBA54KEU7TR, STM32WBA54KGU6, STM32WBA54KGU6TR, STM32WBA54KGU7, STM32WBA54KGU7TR, STM32WBA55CEU6, STM32WBA55CEU6TR, STM32WBA55CEU7, STM32WBA55CEU7TR, STM32WBA55CGU6, STM32WBA55CGU6TR, STM32WBA55CGU6U, STM32WBA55CGU7, STM32WBA55CGU7TR, STM32WBA55G-DK1, STM32WBA55HEF6, STM32WBA55HEF7, STM32WBA55HGF6, STM32WBA55HGF7, STM32WBA55UEI6, STM32WBA55UEI6TR, STM32WBA55UEI7, STM32WBA55UEI7TR, STM32WBA55UGI6, STM32WBA55UGI6TR, STM32WBA55UGI7, STM32WBA55UGI7TR, STM32WL5MOCH6, STM32WL5MOCH6TR]
2024-11-14 17:28:43,413 [INFO] BoardInfo:889 - No configuration file found for board NUCLEO-C071RB
2024-11-14 17:28:43,414 [INFO] DbBoards:161 - Board is not supported: NUCLEO-C071RB
2024-11-14 17:28:43,513 [WARN] PackLoader:240 - Cannot read IP mode file for STMicroelectronics.FP-SNS-MOTENVWB1.1.4.0
2024-11-14 17:28:43,526 [INFO] BoardInfo:889 - No configuration file found for board NUCLEO-H533RE
2024-11-14 17:28:43,526 [INFO] DbBoards:161 - Board is not supported: NUCLEO-H533RE
2024-11-14 17:28:43,528 [WARN] PackLoader:240 - Cannot read IP mode file for STMicroelectronics.FP-ATR-ASTRA1.2.0.1
2024-11-14 17:28:43,537 [WARN] PackLoader:240 - Cannot read IP mode file for STMicroelectronics.X-CUBE-SMBUS.2.1.0
2024-11-14 17:28:43,539 [INFO] BoardInfo:889 - No configuration file found for board NUCLEO-H7S3L8
2024-11-14 17:28:43,540 [INFO] DbBoards:161 - Board is not supported: NUCLEO-H7S3L8
2024-11-14 17:28:43,545 [WARN] PackLoader:240 - Cannot read IP mode file for STMicroelectronics.X-CUBE-WB05N.1.1.0
2024-11-14 17:28:43,584 [INFO] BoardInfo:889 - No configuration file found for board NUCLEO-U031R8
2024-11-14 17:28:43,584 [INFO] DbBoards:161 - Board is not supported: NUCLEO-U031R8
2024-11-14 17:28:43,586 [INFO] BoardInfo:889 - No configuration file found for board NUCLEO-U083RC
2024-11-14 17:28:43,586 [WARN] PackLoader:240 - Cannot read IP mode file for STMicroelectronics.X-CUBE-AZRTOS-F7.1.1.0
2024-11-14 17:28:43,587 [INFO] DbBoards:161 - Board is not supported: NUCLEO-U083RC
2024-11-14 17:28:43,593 [INFO] BoardInfo:889 - No configuration file found for board NUCLEO-WB05KZ
2024-11-14 17:28:43,594 [INFO] DbBoards:161 - Board is not supported: NUCLEO-WB05KZ
2024-11-14 17:28:43,595 [INFO] BoardInfo:889 - No configuration file found for board NUCLEO-WB07CC
2024-11-14 17:28:43,596 [INFO] DbBoards:161 - Board is not supported: NUCLEO-WB07CC
2024-11-14 17:28:43,597 [INFO] BoardInfo:889 - No configuration file found for board NUCLEO-WB09KE
2024-11-14 17:28:43,598 [INFO] DbBoards:161 - Board is not supported: NUCLEO-WB09KE
2024-11-14 17:28:43,610 [INFO] BoardInfo:889 - No configuration file found for board P-NUCLEO-WB55
2024-11-14 17:28:43,610 [INFO] DbBoards:161 - Kit is not supported: P-NUCLEO-WB55
2024-11-14 17:28:43,616 [INFO] BoardInfo:889 - No configuration file found for board STEVAL-BFA001V1B
2024-11-14 17:28:43,616 [INFO] DbBoards:161 - Kit is not supported: STEVAL-BFA001V1B
2024-11-14 17:28:43,617 [INFO] BoardInfo:889 - No configuration file found for board STEVAL-BFA001V2B
2024-11-14 17:28:43,618 [INFO] DbBoards:161 - Kit is not supported: STEVAL-BFA001V2B
2024-11-14 17:28:43,642 [WARN] PackLoader:240 - Cannot read IP mode file for STMicroelectronics.X-CUBE-MEMS1.11.0.0
2024-11-14 17:28:43,749 [INFO] BoardInfo:889 - No configuration file found for board STM32H7S78-DK
2024-11-14 17:28:43,749 [INFO] DbBoards:161 - Board is not supported: STM32H7S78-DK
2024-11-14 17:28:43,750 [INFO] WebApp:161 - Instantiating new browser for Auth
2024-11-14 17:28:43,787 [INFO] BoardInfo:889 - No configuration file found for board STM32MP257F-DK
2024-11-14 17:28:43,788 [INFO] DbBoards:161 - Board is not supported: STM32MP257F-DK
2024-11-14 17:28:43,789 [WARN] PackLoader:240 - Cannot read IP mode file for STMicroelectronics.FP-SNS-FLIGHT1.5.0.2
2024-11-14 17:28:43,790 [INFO] BoardInfo:889 - No configuration file found for board STM32MP257F-EV1
2024-11-14 17:28:43,791 [INFO] DbBoards:161 - Board is not supported: STM32MP257F-EV1
2024-11-14 17:28:43,792 [INFO] BoardInfo:889 - No configuration file found for board STM32U083C-DK
2024-11-14 17:28:43,793 [INFO] DbBoards:161 - Board is not supported: STM32U083C-DK
2024-11-14 17:28:43,799 [WARN] PackLoader:240 - Cannot read IP mode file for STMicroelectronics.X-CUBE-DISPLAY.3.0.0
2024-11-14 17:28:43,808 [INFO] DbBoards:168 - Found 201 boards, 186 are supported
2024-11-14 17:28:43,808 [INFO] DbBoards:169 - Found 201 boards, 3 of them is supported for  Bsp
2024-11-14 17:28:43,808 [WARN] PackLoader:240 - Cannot read IP mode file for STMicroelectronics.X-CUBE-BLE1.7.0.0
2024-11-14 17:28:43,812 [INFO] ApiDb:668 - CubeFinder database Data Model version=2.1
2024-11-14 17:28:43,813 [INFO] ApiDb:669 - CubeFinder database Configuration version=3.0.39
2024-11-14 17:28:43,813 [INFO] ApiDb:670 - CubeFinder database generation date=2024-10-15 (1729006872)
2024-11-14 17:28:43,813 [INFO] ApiDb:671 - CubeFinder database FW Pack versions=[FP-ATR-ASTRA1_V2.0.0, FP-SNS-FLIGHT1_V5.0.2, FP-SNS-MOTENV1_V5.0.0, FP-SNS-MOTENVWB1_V1.4.0, FP-SNS-SMARTAG2_V1.2.0, FP-SNS-STBOX1_V2.0.0, STM32Cube_FW_C0_V1.2.0, STM32Cube_FW_F4_V1.28.1, STM32Cube_FW_F7_V1.17.2, STM32Cube_FW_G0_V1.6.2, STM32Cube_FW_G4_V1.6.0, STM32Cube_FW_H5_V1.3.0, STM32Cube_FW_H7RS_V1.1.0, STM32Cube_FW_H7_V1.11.2, STM32Cube_FW_L0_V1.12.2, STM32Cube_FW_L5_V1.5.1, STM32Cube_FW_U0_V1.1.0, STM32Cube_FW_U5_V1.6.0, STM32Cube_FW_WB0_V1.0.0, STM32Cube_FW_WBA_V1.4.1, STM32Cube_FW_WB_V1.20.0, STM32Cube_FW_WL_V1.3.0, X-CUBE-ALGOBUILD_V1.4.0, X-CUBE-ALS_V1.0.2, X-CUBE-AZRTOS-F4_V1.1.0, X-CUBE-AZRTOS-F7_V1.1.0, X-CUBE-AZRTOS-G0_V1.1.0, X-CUBE-AZRTOS-G4_V2.0.0, X-CUBE-AZRTOS-H7RS_V1.0.0, X-CUBE-AZRTOS-H7_V3.3.0, X-CUBE-AZRTOS-L4_V2.0.0, X-CUBE-AZRTOS-L5_V2.0.0, X-CUBE-AZRTOS-WB_V2.0.0, X-CUBE-AZRTOS-WL_V2.0.0, X-CUBE-BLE1_V7.0.0, X-CUBE-BLE2_V3.3.0, X-CUBE-BLEMGR_V3.1.0, X-CUBE-EEPRMA1_V5.1.0, X-CUBE-FREERTOS_V1.2.0, X-CUBE-GNSS1_V6.0.0, X-CUBE-MEMS1_V11.0.0, X-CUBE-NFC4_V3.0.0, X-CUBE-NFC7_V1.0.1, X-CUBE-SFXS2LP1_V4.0.0, X-CUBE-SUBG2_V5.0.0, X-CUBE-TOF1_V3.4.2]
2024-11-14 17:28:43,816 [WARN] PackLoader:240 - Cannot read IP mode file for STMicroelectronics.X-CUBE-NFC10.1.0.0
2024-11-14 17:28:43,824 [WARN] PackLoader:240 - Cannot read IP mode file for emotas.I-CUBE-CANOPEN.1.3.0
2024-11-14 17:28:43,834 [WARN] PackLoader:240 - Cannot read IP mode file for STMicroelectronics.X-CUBE-BLEMGR.3.1.0
2024-11-14 17:28:43,840 [WARN] PackLoader:240 - Cannot read IP mode file for STMicroelectronics.FP-SNS-SMARTAG2.1.2.0
2024-11-14 17:28:43,850 [INFO] LogOutputStream:77 - [STDOUT_REDIRECT] 1 : Invalid condition id : UX_CORESTACK_Condition cause : null
2024-11-14 17:28:43,852 [INFO] LogOutputStream:77 - [STDOUT_REDIRECT] 1 : Invalid condition id : UX_CORESTACK_Condition cause : null
2024-11-14 17:28:43,854 [INFO] LogOutputStream:77 - [STDOUT_REDIRECT] 1 : Invalid condition id : UX_CORESTACK_Condition cause : null
2024-11-14 17:28:43,855 [INFO] LogOutputStream:77 - [STDOUT_REDIRECT] 1 : Invalid condition id : UX_CORESTACK_Condition cause : null
2024-11-14 17:28:43,858 [INFO] LogOutputStream:77 - [STDOUT_REDIRECT] 1 : Invalid condition id : UX_CORESTACK_Condition cause : null
2024-11-14 17:28:43,861 [WARN] PackLoader:240 - Cannot read IP mode file for STMicroelectronics.X-CUBE-AZRTOS-WL.2.0.0
2024-11-14 17:28:43,868 [WARN] PackLoader:240 - Cannot read IP mode file for STMicroelectronics.FP-SNS-MOTENV1.5.0.0
2024-11-14 17:28:43,874 [WARN] PackLoader:240 - Cannot read IP mode file for wolfSSL.I-CUBE-wolfMQTT.1.19.0
2024-11-14 17:28:43,883 [WARN] PackLoader:240 - Cannot read IP mode file for WES.I-CUBE-Cesium.1.3.0
2024-11-14 17:28:43,887 [WARN] PackLoader:240 - Cannot read IP mode file for STMicroelectronics.X-CUBE-BLE2.3.3.0
2024-11-14 17:28:43,892 [WARN] PackLoader:240 - Cannot read IP mode file for STMicroelectronics.X-CUBE-NFC9.1.0.0
2024-11-14 17:28:43,898 [WARN] PackLoader:240 - Cannot read IP mode file for STMicroelectronics.X-CUBE-TCPP.4.1.0
2024-11-14 17:28:43,915 [WARN] PackLoader:240 - Cannot read IP mode file for STMicroelectronics.X-CUBE-AZRTOS-G0.1.1.0
2024-11-14 17:28:43,927 [WARN] PackLoader:240 - Cannot read IP mode file for STMicroelectronics.X-CUBE-SAFEA1.1.2.2
2024-11-14 17:28:43,935 [WARN] PackLoader:240 - Cannot read IP mode file for STMicroelectronics.X-CUBE-NFC4.3.0.0
2024-11-14 17:28:43,946 [WARN] PackLoader:240 - Cannot read IP mode file for EmbeddedOffice.I-CUBE-FS-RTOS.1.0.1
2024-11-14 17:28:43,946 [ERROR] ConditionMgr:805 - Attr not supported : Dmpu
2024-11-14 17:28:43,946 [ERROR] ConditionMgr:805 - Attr not supported : Dmpu
2024-11-14 17:28:43,946 [ERROR] ConditionMgr:805 - Attr not supported : Dmpu
2024-11-14 17:28:43,946 [ERROR] ConditionMgr:805 - Attr not supported : Dmpu
2024-11-14 17:28:43,946 [ERROR] ConditionMgr:805 - Attr not supported : Dmpu
2024-11-14 17:28:43,947 [ERROR] ConditionMgr:805 - Attr not supported : Dmpu
2024-11-14 17:28:43,947 [ERROR] ConditionMgr:805 - Attr not supported : Dmpu
2024-11-14 17:28:43,947 [ERROR] ConditionMgr:805 - Attr not supported : Dmpu
2024-11-14 17:28:43,947 [ERROR] ConditionMgr:805 - Attr not supported : Dmpu
2024-11-14 17:28:43,947 [ERROR] ConditionMgr:805 - Attr not supported : Dmpu
2024-11-14 17:28:43,947 [ERROR] ConditionMgr:805 - Attr not supported : Dmpu
2024-11-14 17:28:43,947 [ERROR] ConditionMgr:805 - Attr not supported : Dmpu
2024-11-14 17:28:43,947 [ERROR] ConditionMgr:805 - Attr not supported : Dmpu
2024-11-14 17:28:43,947 [ERROR] ConditionMgr:805 - Attr not supported : Dmpu
2024-11-14 17:28:43,947 [ERROR] ConditionMgr:805 - Attr not supported : Dmpu
2024-11-14 17:28:43,947 [ERROR] ConditionMgr:805 - Attr not supported : Dmpu
2024-11-14 17:28:43,947 [ERROR] ConditionMgr:805 - Attr not supported : Dmpu
2024-11-14 17:28:43,947 [ERROR] ConditionMgr:805 - Attr not supported : Dmpu
2024-11-14 17:28:43,947 [ERROR] ConditionMgr:805 - Attr not supported : Dmpu
2024-11-14 17:28:43,947 [ERROR] ConditionMgr:805 - Attr not supported : Dmpu
2024-11-14 17:28:43,947 [ERROR] ConditionMgr:805 - Attr not supported : Dmpu
2024-11-14 17:28:43,947 [ERROR] ConditionMgr:805 - Attr not supported : Dmpu
2024-11-14 17:28:43,947 [ERROR] ConditionMgr:805 - Attr not supported : Dmpu
2024-11-14 17:28:43,947 [ERROR] ConditionMgr:805 - Attr not supported : Dmpu
2024-11-14 17:28:43,948 [ERROR] ConditionMgr:805 - Attr not supported : Dmpu
2024-11-14 17:28:43,948 [ERROR] ConditionMgr:805 - Attr not supported : Dmpu
2024-11-14 17:28:43,948 [ERROR] ConditionMgr:805 - Attr not supported : Dmpu
2024-11-14 17:28:43,948 [ERROR] ConditionMgr:805 - Attr not supported : Dmpu
2024-11-14 17:28:43,948 [ERROR] ConditionMgr:805 - Attr not supported : Dmpu
2024-11-14 17:28:43,948 [ERROR] ConditionMgr:805 - Attr not supported : Dmpu
2024-11-14 17:28:43,948 [ERROR] ConditionMgr:805 - Attr not supported : Dmpu
2024-11-14 17:28:43,948 [ERROR] ConditionMgr:805 - Attr not supported : Dmpu
2024-11-14 17:28:43,948 [ERROR] ConditionMgr:805 - Attr not supported : Dmpu
2024-11-14 17:28:43,948 [ERROR] ConditionMgr:805 - Attr not supported : Dmpu
2024-11-14 17:28:43,948 [ERROR] ConditionMgr:805 - Attr not supported : Dmpu
2024-11-14 17:28:43,948 [ERROR] ConditionMgr:805 - Attr not supported : Dmpu
2024-11-14 17:28:43,948 [ERROR] ConditionMgr:805 - Attr not supported : Dmpu
2024-11-14 17:28:43,948 [ERROR] ConditionMgr:805 - Attr not supported : Dmpu
2024-11-14 17:28:43,948 [ERROR] ConditionMgr:805 - Attr not supported : Dmpu
2024-11-14 17:28:43,948 [ERROR] ConditionMgr:805 - Attr not supported : Dmpu
2024-11-14 17:28:43,948 [ERROR] ConditionMgr:805 - Attr not supported : Dmpu
2024-11-14 17:28:43,948 [ERROR] ConditionMgr:805 - Attr not supported : Dmpu
2024-11-14 17:28:43,948 [ERROR] ConditionMgr:805 - Attr not supported : Dmpu
2024-11-14 17:28:43,949 [ERROR] ConditionMgr:805 - Attr not supported : Dmpu
2024-11-14 17:28:43,949 [ERROR] ConditionMgr:805 - Attr not supported : Dmpu
2024-11-14 17:28:43,949 [ERROR] ConditionMgr:805 - Attr not supported : Dmpu
2024-11-14 17:28:43,949 [ERROR] ConditionMgr:805 - Attr not supported : Dmpu
2024-11-14 17:28:43,949 [ERROR] ConditionMgr:805 - Attr not supported : Dmpu
2024-11-14 17:28:43,949 [ERROR] ConditionMgr:805 - Attr not supported : Dmpu
2024-11-14 17:28:43,949 [ERROR] ConditionMgr:805 - Attr not supported : Dmpu
2024-11-14 17:28:43,949 [ERROR] ConditionMgr:805 - Attr not supported : Dmpu
2024-11-14 17:28:43,949 [ERROR] ConditionMgr:805 - Attr not supported : Dmpu
2024-11-14 17:28:43,949 [ERROR] ConditionMgr:805 - Attr not supported : Dmpu
2024-11-14 17:28:43,949 [ERROR] ConditionMgr:805 - Attr not supported : Dmpu
2024-11-14 17:28:43,949 [ERROR] ConditionMgr:805 - Attr not supported : Dmpu
2024-11-14 17:28:43,949 [ERROR] ConditionMgr:805 - Attr not supported : Dmpu
2024-11-14 17:28:43,949 [ERROR] ConditionMgr:805 - Attr not supported : Dmpu
2024-11-14 17:28:43,950 [ERROR] ConditionMgr:805 - Attr not supported : Dmpu
2024-11-14 17:28:43,950 [ERROR] ConditionMgr:805 - Attr not supported : Dmpu
2024-11-14 17:28:43,950 [ERROR] ConditionMgr:805 - Attr not supported : Dmpu
2024-11-14 17:28:43,950 [ERROR] ConditionMgr:805 - Attr not supported : Dmpu
2024-11-14 17:28:43,950 [ERROR] ConditionMgr:805 - Attr not supported : Dmpu
2024-11-14 17:28:43,950 [ERROR] ConditionMgr:805 - Attr not supported : Dmpu
2024-11-14 17:28:43,950 [ERROR] ConditionMgr:805 - Attr not supported : Dmpu
2024-11-14 17:28:43,956 [WARN] PackLoader:240 - Cannot read IP mode file for RealThread.X-CUBE-RT-Thread_Nano.4.1.1
2024-11-14 17:28:43,960 [WARN] PackLoader:240 - Cannot read IP mode file for STMicroelectronics.FP-ATR-SIGFOX1.3.2.0
2024-11-14 17:28:43,966 [WARN] ConditionMgr:438 - getConditionDescription Invalid condition id : Cortex-A Device cause : null
2024-11-14 17:28:43,997 [WARN] ConditionMgr:1039 - genDependencies : Invalid condition id : Cortex-A Device cause : null
2024-11-14 17:28:43,997 [WARN] ConditionMgr:1039 - genDependencies : Invalid condition id : Cortex-A Device cause : null
2024-11-14 17:28:43,997 [WARN] ConditionMgr:1039 - genDependencies : Invalid condition id : Cortex-A Device cause : null
2024-11-14 17:28:44,005 [WARN] PackLoader:240 - Cannot read IP mode file for STMicroelectronics.X-CUBE-EEPRMA1.5.1.0
2024-11-14 17:28:44,012 [WARN] PackLoader:240 - Cannot read IP mode file for wolfSSL.I-CUBE-wolfSSL.5.7.4
2024-11-14 17:28:44,019 [WARN] PackLoader:240 - Cannot read IP mode file for ITTIA_DB.I-CUBE-ITTIADB.8.9.0
2024-11-14 17:28:44,054 [WARN] PackLoader:240 - Cannot read IP mode file for SEGGER.I-CUBE-embOS.1.3.1
2024-11-14 17:28:44,091 [WARN] PackLoader:240 - Cannot read IP mode file for STMicroelectronics.X-CUBE-ALGOBUILD.1.4.0
2024-11-14 17:28:44,095 [WARN] PackLoader:240 - Cannot read IP mode file for STMicroelectronics.X-CUBE-AI.9.1.0
2024-11-14 17:28:44,109 [WARN] PackLoader:240 - Cannot read IP mode file for STMicroelectronics.X-CUBE-AZRTOS-F4.1.1.0
2024-11-14 17:28:44,121 [WARN] PackLoader:240 - Cannot read IP mode file for STMicroelectronics.X-CUBE-ISPU.2.1.0
2024-11-14 17:28:44,127 [WARN] PackLoader:240 - Cannot read IP mode file for STMicroelectronics.X-CUBE-FREERTOS.1.2.0
2024-11-14 17:28:44,144 [WARN] PackLoader:240 - Cannot read IP mode file for STMicroelectronics.X-CUBE-AZRTOS-L5.2.0.0
2024-11-14 17:28:44,153 [WARN] PackLoader:240 - Cannot read IP mode file for STMicroelectronics.X-CUBE-NFC6.3.1.0
2024-11-14 17:28:44,160 [WARN] PackLoader:240 - Cannot read IP mode file for STMicroelectronics.X-CUBE-DPower.1.2.0
2024-11-14 17:28:44,166 [WARN] PackLoader:240 - Cannot read IP mode file for STMicroelectronics.X-CUBE-NFC7.1.0.1
2024-11-14 17:28:44,181 [WARN] ConditionMgr:438 - getConditionDescription Invalid condition id : LAN8742 Phy interface Condition cause : null
2024-11-14 17:28:44,182 [WARN] PackLoader:240 - Cannot read IP mode file for STMicroelectronics.X-CUBE-AZRTOS-L4.2.0.0
2024-11-14 17:28:44,183 [WARN] ConditionMgr:1039 - genDependencies : Invalid condition id : LAN8742 Phy interface Condition cause : null
2024-11-14 17:28:44,184 [WARN] ConditionMgr:1039 - genDependencies : Invalid condition id : LAN8742 Phy interface Condition cause : null
2024-11-14 17:28:44,184 [WARN] ConditionMgr:1039 - genDependencies : Invalid condition id : LAN8742 Phy interface Condition cause : null
2024-11-14 17:28:44,191 [WARN] PackLoader:240 - Cannot read IP mode file for STMicroelectronics.X-CUBE-SFXS2LP1.4.0.0
2024-11-14 17:28:44,211 [WARN] PackLoader:240 - Cannot read IP mode file for STMicroelectronics.X-CUBE-AZRTOS-H7.3.3.0
2024-11-14 17:28:44,222 [WARN] PackLoader:240 - Cannot read IP mode file for STMicroelectronics.X-CUBE-IPS.3.0.0
2024-11-14 17:28:44,235 [WARN] ConditionMgr:438 - getConditionDescription Invalid condition id : UX DEVICE CLASS RTOS Condition cause : null
2024-11-14 17:28:44,235 [WARN] ConditionMgr:438 - getConditionDescription Invalid condition id : UX DEVICE CLASS RTOS Condition cause : null
2024-11-14 17:28:44,236 [WARN] PackLoader:240 - Cannot read IP mode file for STMicroelectronics.X-CUBE-AZRTOS-WB.2.0.0
2024-11-14 17:28:44,237 [WARN] ConditionMgr:1039 - genDependencies : Invalid condition id : UX DEVICE CLASS RTOS Condition cause : null
2024-11-14 17:28:44,237 [WARN] ConditionMgr:1039 - genDependencies : Invalid condition id : UX DEVICE CLASS RTOS Condition cause : null
2024-11-14 17:28:44,237 [WARN] ConditionMgr:1039 - genDependencies : Invalid condition id : UX DEVICE CLASS RTOS Condition cause : null
2024-11-14 17:28:44,237 [WARN] ConditionMgr:1039 - genDependencies : Invalid condition id : UX DEVICE CLASS RTOS Condition cause : null
2024-11-14 17:28:44,237 [WARN] ConditionMgr:1039 - genDependencies : Invalid condition id : UX DEVICE CLASS RTOS Condition cause : null
2024-11-14 17:28:44,243 [WARN] PackLoader:240 - Cannot read IP mode file for STMicroelectronics.X-CUBE-GNSS1.7.0.0
2024-11-14 17:28:44,248 [WARN] PackLoader:240 - Cannot read IP mode file for STMicroelectronics.FP-SNS-STBOX1.2.0.0
2024-11-14 17:28:44,257 [WARN] PackLoader:240 - Cannot read IP mode file for STMicroelectronics.X-CUBE-SUBG2.5.0.0
2024-11-14 17:28:44,266 [WARN] PackLoader:240 - Cannot read IP mode file for Cesanta.I-CUBE-Mongoose.7.13.0
2024-11-14 17:28:44,277 [WARN] PackLoader:240 - Cannot read IP mode file for STMicroelectronics.X-CUBE-AZRTOS-G4.2.0.0
2024-11-14 17:28:44,283 [WARN] PackLoader:240 - Cannot read IP mode file for STMicroelectronics.X-CUBE-ALS.1.0.2
2024-11-14 17:28:44,289 [WARN] PackLoader:240 - Cannot read IP mode file for STMicroelectronics.X-CUBE-TOUCHGFX.4.24.1
2024-11-14 17:28:44,291 [WARN] PackLoader:240 - Cannot read IP mode file for wolfSSL.I-CUBE-wolfTPM.3.4.0
2024-11-14 17:28:44,295 [WARN] PackLoader:240 - Cannot read IP mode file for portGmbH.I-Cube-SoM-uGOAL.1.1.0
2024-11-14 17:28:44,306 [WARN] PackLoader:240 - Cannot read IP mode file for STMicroelectronics.X-CUBE-AZRTOS-H7RS.1.0.0
2024-11-14 17:28:44,316 [WARN] PackLoader:240 - Cannot read IP mode file for STMicroelectronics.X-CUBE-TOF1.3.4.2
2024-11-14 17:28:44,336 [WARN] PackLoader:240 - Cannot read IP mode file for Infineon.AIROC-Wi-Fi-Bluetooth-STM32.1.6.1
2024-11-14 17:28:44,340 [WARN] PackLoader:240 - Cannot read IP mode file for wolfSSL.I-CUBE-wolfSSH.1.4.17
2024-11-14 17:28:44,341 [INFO] ThirdParty:978 - Integrity check success = true
2024-11-14 17:28:44,341 [INFO] IntegrityCheckThread:100 - exiting critical section [integrity check]
2024-11-14 17:28:44,341 [INFO] IntegrityCheckThread:103 - End integrity checks thread
2024-11-14 17:28:44,766 [INFO] WebApp:780 - Register for checkConnection events
2024-11-14 17:28:44,766 [INFO] WebApp:414 - Apply proxy settings
2024-11-14 17:28:44,766 [INFO] WebApp:499 - Chromium requires no authentication
2024-11-14 17:28:44,774 [INFO] WebApp:442 - Direct internet connection detected
2024-11-14 17:28:44,910 [INFO] WebApp:192 - Starting web application
2024-11-14 17:28:44,911 [INFO] WebApp:544 - Web application path used C:\ST\STM32CubeIDE_1.14.1\STM32CubeIDE\plugins\com.st.stm32cube.common.mx_6.10.0.202311202037\db\plugins\mcufinder\reactClient1\index.html
2024-11-14 17:28:45,566 [INFO] ApiDb:240 - Found 371 in-development CPN: [B-G473E-ZEST1S, B-WB1M-WPAN1, B-WL5M-SUBG1, NUCLEO-C031C6, NUCLEO-H503RB, NUCLEO-H563ZI, NUCLEO-U545RE-Q, NUCLEO-U5A5ZJ-Q, NUCLEO-WBA52CG, NUCLEO-WBA55CG, STEVAL-MKBOXPRO, STEVAL-PROTEUS1, STEVAL-STWINBX1, STM320518-EVAL, STM32C0116-DK, STM32C011D6Y3TR, STM32C011D6Y6TR, STM32C011F4P3, STM32C011F4P6, STM32C011F4U3, STM32C011F4U6TR, STM32C011F6P3, STM32C011F6P6, STM32C011F6U3, STM32C011F6U6TR, STM32C011J4M3, STM32C011J4M6, STM32C011J6M3, STM32C011J6M6, STM32C0316-DK, STM32C031C4T3, STM32C031C4T6, STM32C031C4U3, STM32C031C4U6, STM32C031C6T3, STM32C031C6T6, STM32C031C6U3, STM32C031C6U6, STM32C031F4P3, STM32C031F4P6, STM32C031F6P3, STM32C031F6P6, STM32C031G4U3, STM32C031G4U6, STM32C031G6U3, STM32C031G6U6, STM32C031K4T3, STM32C031K4T6, STM32C031K4U3, STM32C031K4U6, STM32C031K6T3, STM32C031K6T6, STM32C031K6U3, STM32C031K6U6, STM32G071K8TXN, STM32G071K8UXN, STM32G081GBU6N, STM32G081KBT6N, STM32G081KBUXN, STM32G0B1CCT6N, STM32G0B1KCT6, STM32G0B1NEY6TR, STM32G0B1RCT6N, STM32G0C1CCT6, STM32G0C1CCT6N, STM32G0C1CCU6N, STM32G0C1CET6N, STM32G0C1CEU6N, STM32G0C1KCT6, STM32G0C1NEY6TR, STM32G0C1RCI6N, STM32G0C1RCT6N, STM32G0C1REI6N, STM32G0C1RET6N, STM32G0C1VCI6, STM32G0C1VEI6, STM32G471CCT6, STM32G471CCU6, STM32G471CET3, STM32G471CET6, STM32G471CEU3, STM32G471CEU6, STM32G471MCT6, STM32G471MET3, STM32G471MET6, STM32G471MEY6TR, STM32G471QCT6, STM32G471QET3, STM32G471RCT6, STM32G471RET3, STM32G471RET6, STM32G471VCH6, STM32G471VCI6, STM32G471VCT6, STM32G471VEH3, STM32G471VEH6, STM32G471VEI3, STM32G471VEI6, STM32G471VET3, STM32G471VET6, STM32G474CCT6, STM32H503CBT6, STM32H503CBU6, STM32H503EBY6TR, STM32H503KBU6, STM32H503RBT6, STM32H562AGI6, STM32H562AII6, STM32H562IGK6, STM32H562IGT6, STM32H562IIK6, STM32H562IIT6, STM32H562RGT6, STM32H562RGV6, STM32H562RIT6, STM32H562RIV6, STM32H562VGT6, STM32H562VIT6, STM32H562ZGT6, STM32H562ZIT6, STM32H563AGI6, STM32H563AII3Q, STM32H563AII6, STM32H563IGK6, STM32H563IGT6, STM32H563IIK3Q, STM32H563IIK6, STM32H563IIT3Q, STM32H563IIT6, STM32H563MIY3QTR, STM32H563RGT6, STM32H563RGV6, STM32H563RIT6, STM32H563RIV6, STM32H563VGT6, STM32H563VIT3Q, STM32H563VIT6, STM32H563ZGT6, STM32H563ZIT3Q, STM32H563ZIT6, STM32H573AII3Q, STM32H573AII6, STM32H573I-DK, STM32H573IIK3Q, STM32H573IIK6, STM32H573IIT3Q, STM32H573IIT6, STM32H573MIY3QTR, STM32H573RIT6, STM32H573RIV6, STM32H573VIT3Q, STM32H573VIT6, STM32H573ZIT3Q, STM32H573ZIT6, STM32L4R5QGI6STR, STM32MP131AAE3, STM32MP131AAF3, STM32MP131AAG3, STM32MP131CAE3, STM32MP131CAF3, STM32MP131CAG3, STM32MP131DAE7, STM32MP131DAF7, STM32MP131DAG7, STM32MP131FAE7, STM32MP131FAF7, STM32MP131FAG7, STM32MP133AAE3, STM32MP133AAF3, STM32MP133AAG3, STM32MP133CAE3, STM32MP133CAF3, STM32MP133CAG3, STM32MP133DAE7, STM32MP133DAF7, STM32MP133DAG7, STM32MP133FAE7, STM32MP133FAF7, STM32MP133FAG7, STM32MP135AAE3, STM32MP135AAF3, STM32MP135AAG3, STM32MP135CAE3, STM32MP135CAF3, STM32MP135CAG3, STM32MP135DAE7, STM32MP135DAF7, STM32MP135DAG7, STM32MP135F-DK, STM32MP135FAE7, STM32MP135FAF7, STM32MP135FAF7T, STM32MP135FAF7U, STM32MP135FAG7, STM32U535CBT6, STM32U535CBT6Q, STM32U535CBU6, STM32U535CBU6Q, STM32U535CCT6, STM32U535CCT6Q, STM32U535CCU6, STM32U535CCU6Q, STM32U535CET6, STM32U535CET6Q, STM32U535CEU6, STM32U535CEU6Q, STM32U535JEY6QTR, STM32U535NCY6QTR, STM32U535NEY6QTR, STM32U535RBI6, STM32U535RBI6Q, STM32U535RBT6, STM32U535RBT6Q, STM32U535RCI6, STM32U535RCI6Q, STM32U535RCT6, STM32U535RCT6Q, STM32U535REI6, STM32U535REI6Q, STM32U535RET6, STM32U535RET6Q, STM32U535VCI6, STM32U535VCI6Q, STM32U535VCT6, STM32U535VCT6Q, STM32U535VEI6, STM32U535VEI6Q, STM32U535VET6, STM32U535VET6Q, STM32U545CET6, STM32U545CET6Q, STM32U545CEU6, STM32U545CEU6Q, STM32U545JEY6QTR, STM32U545NEY6QTR, STM32U545REI6, STM32U545REI6Q, STM32U545RET6, STM32U545RET6Q, STM32U545VEI6, STM32U545VEI6Q, STM32U545VET6, STM32U545VET6Q, STM32U595AIH6, STM32U595AIH6Q, STM32U595AJH6, STM32U595AJH6Q, STM32U595QII6, STM32U595QII6Q, STM32U595QJI6, STM32U595QJI6Q, STM32U595RIT6, STM32U595RIT6Q, STM32U595RJT6, STM32U595RJT6Q, STM32U595VIT6, STM32U595VIT6Q, STM32U595VJT6, STM32U595VJT6Q, STM32U595ZIT6, STM32U595ZIT6Q, STM32U595ZIY6QTR, STM32U595ZJT6, STM32U595ZJT6Q, STM32U595ZJY6QTR, STM32U599BJY6QTR, STM32U599NIH6Q, STM32U599NJH6Q, STM32U599VIT6Q, STM32U599VJT6, STM32U599VJT6Q, STM32U599ZIT6Q, STM32U599ZIY6QTR, STM32U599ZJT6Q, STM32U599ZJY6QTR, STM32U5A5AJH6, STM32U5A5AJH6Q, STM32U5A5QJI6, STM32U5A5QJI6Q, STM32U5A5RJT6, STM32U5A5RJT6Q, STM32U5A5VJT6, STM32U5A5VJT6Q, STM32U5A5ZJT6, STM32U5A5ZJT6Q, STM32U5A5ZJY6QTR, STM32U5A9BJY6QTR, STM32U5A9J-DK, STM32U5A9NJH6Q, STM32U5A9VJT6Q, STM32U5A9ZJT6Q, STM32U5A9ZJY6QTR, STM32U5F7VIT6, STM32U5F7VIT6Q, STM32U5F7VJT6, STM32U5F7VJT6Q, STM32U5F9BJY6QTR, STM32U5F9NJH6Q, STM32U5F9VIT6Q, STM32U5F9VJT6Q, STM32U5F9ZIJ6QTR, STM32U5F9ZIT6Q, STM32U5F9ZJJ6QTR, STM32U5F9ZJT6Q, STM32U5G7VJT6, STM32U5G7VJT6Q, STM32U5G9BJY6QTR, STM32U5G9J-DK1, STM32U5G9J-DK2, STM32U5G9NJH6Q, STM32U5G9VJT6Q, STM32U5G9ZJJ6QTR, STM32U5G9ZJT6Q, STM32WB1MMCH6, STM32WBA50KEU6, STM32WBA50KEU6TR, STM32WBA50KGU6, STM32WBA50KGU6TR, STM32WBA52CEU6, STM32WBA52CEU6TR, STM32WBA52CEU7, STM32WBA52CEU7TR, STM32WBA52CGU6, STM32WBA52CGU6TR, STM32WBA52CGU6U, STM32WBA52CGU7, STM32WBA52CGU7TR, STM32WBA52KEU6, STM32WBA52KEU6TR, STM32WBA52KGU6, STM32WBA52KGU6TR, STM32WBA54CEU6, STM32WBA54CEU6TR, STM32WBA54CEU7, STM32WBA54CEU7TR, STM32WBA54CGU6, STM32WBA54CGU6TR, STM32WBA54CGU7, STM32WBA54CGU7TR, STM32WBA54KEU6, STM32WBA54KEU6TR, STM32WBA54KEU7, STM32WBA54KEU7TR, STM32WBA54KGU6, STM32WBA54KGU6TR, STM32WBA54KGU7, STM32WBA54KGU7TR, STM32WBA55CEU6, STM32WBA55CEU6TR, STM32WBA55CEU7, STM32WBA55CEU7TR, STM32WBA55CGU6, STM32WBA55CGU6TR, STM32WBA55CGU6U, STM32WBA55CGU7, STM32WBA55CGU7TR, STM32WBA55G-DK1, STM32WBA55HEF6, STM32WBA55HEF7, STM32WBA55HGF6, STM32WBA55HGF7, STM32WBA55UEI6, STM32WBA55UEI6TR, STM32WBA55UEI7, STM32WBA55UEI7TR, STM32WBA55UGI6, STM32WBA55UGI6TR, STM32WBA55UGI7, STM32WBA55UGI7TR, STM32WL5MOCH6, STM32WL5MOCH6TR]
2024-11-14 17:28:45,570 [INFO] DbMcus:218 - Found 4204 MCUs, 4204 are supported
2024-11-14 17:28:45,571 [INFO] ApiDb:423 - Load user favorites file C:\Users\Dr. Umesh Dutta/.stm32cubeide/favorites.mcus.txt: 0 item(s)
2024-11-14 17:28:45,571 [INFO] ApiDb:427 - User favorites MCUs=[]
2024-11-14 17:28:45,571 [INFO] DbMcus:224 - Set 0 / 0 favorites MCUs
2024-11-14 17:28:45,770 [INFO] ApiDb:414 - User favorites file not found: C:\Users\Dr. Umesh Dutta/.stm32cubeide/favorites.boards.txt
2024-11-14 17:28:45,770 [INFO] DbBoards:198 - Set 0 / 0 favorites Boards
2024-11-14 17:28:45,771 [INFO] McuFinderGlobals:76 - Set McuFinderConnectedMode to true
2024-11-14 17:28:45,777 [INFO] MultiScanPanel:200 - Auto-refresh data requested => check proxy status ongoing
2024-11-14 17:28:45,779 [INFO] FinderPluginLoader:95 - Searching for filters in installed packs
2024-11-14 17:28:46,680 [INFO] LoadUrlFilesThread:185 - End of LoadServerUrlFiles without Thread
2024-11-14 17:28:46,717 [INFO] DetailPanel:341 - Set advertising image to C:/Users/Dr. Umesh Dutta/STM32Cube/Repository/\en.prom-stm32c071-usb-memories-mcu-finder.png
2024-11-14 17:29:01,715 [INFO] MainUpdater:2873 - connection check result : 10
2024-11-14 17:29:01,715 [INFO] MainUpdater:2873 - connection check result : 10
2024-11-14 17:29:01,745 [INFO] MicroXplorer:468 - Change Database Path : 
2024-11-14 17:29:01,745 [INFO] MicroXplorer:498 - Change Database Version : DB.6.0.100
2024-11-14 17:29:01,760 [WARN] ThirdParty:871 - waiting for thirdparty lock release [close project]
2024-11-14 17:29:01,760 [INFO] ThirdParty:873 - entering critical section [close project]
2024-11-14 17:29:01,762 [INFO] ThirdParty:883 - exiting critical section [close project]
2024-11-14 17:29:01,766 [INFO] PinOutPanel:1499 - setPackage(No Configuration,No Configuration)
2024-11-14 17:29:01,772 [INFO] UtilMem:75 - Begin LoadConfig() Used Memory: 307551040 Bytes (508559360)
2024-11-14 17:29:01,774 [INFO] MicroXplorer:468 - Change Database Path : 
2024-11-14 17:29:01,774 [INFO] MicroXplorer:498 - Change Database Version : DB.6.0.100
2024-11-14 17:29:01,774 [INFO] OpenFileManager:312 - Change cursor
2024-11-14 17:29:01,838 [INFO] Mcu:2016 - Initializing MCU STM32F401R(D-E)Tx STM32F401RETx STM32F401RET6
2024-11-14 17:29:03,359 [INFO] Context:659 - Trying to add GPIOservice into a context  which must be forbidden
2024-11-14 17:29:03,868 [INFO] RtosManager:555 - Registered RTOS mode: class=CMSIS, group=RTOS, mode=CMSIS_V1, owner=FREERTOS
2024-11-14 17:29:03,869 [INFO] RtosManager:555 - Registered RTOS mode: class=CMSIS, group=RTOS2, mode=CMSIS_V2, owner=FREERTOS
2024-11-14 17:29:03,869 [INFO] RtosManager:555 - Registered RTOS mode: class=RTOS, group=Core, mode=CMSIS_V1, owner=FREERTOS
2024-11-14 17:29:03,869 [INFO] RtosManager:555 - Registered RTOS mode: class=RTOS, group=Core, mode=CMSIS_V2, owner=FREERTOS
2024-11-14 17:29:03,869 [WARN] ModelIntegratedComponent:184 - Missing modes for component STMicroelectronics:FreeRTOS:0.0.1:STMicroelectronics:RTOS:FreeRTOS:Core:::10.2.0:
2024-11-14 17:29:03,880 [WARN] ModelIntegratedComponent:63 - No mode defined for component null
2024-11-14 17:29:03,880 [WARN] ModelIntegratedComponent:63 - No mode defined for component null
2024-11-14 17:29:03,880 [WARN] ModelIntegratedComponent:63 - No mode defined for component null
2024-11-14 17:29:03,880 [WARN] ModelIntegratedComponent:63 - No mode defined for component null
2024-11-14 17:29:03,880 [WARN] ModelIntegratedComponent:63 - No mode defined for component null
2024-11-14 17:29:03,880 [WARN] ModelIntegratedComponent:63 - No mode defined for component null
2024-11-14 17:29:03,880 [WARN] ModelIntegratedComponent:63 - No mode defined for component null
2024-11-14 17:29:03,881 [WARN] ModelIntegratedComponent:63 - No mode defined for component null
2024-11-14 17:29:03,881 [WARN] ModelIntegratedComponent:63 - No mode defined for component null
2024-11-14 17:29:03,881 [WARN] ModelIntegratedComponent:63 - No mode defined for component null
2024-11-14 17:29:03,881 [WARN] ModelIntegratedComponent:63 - No mode defined for component null
2024-11-14 17:29:03,881 [WARN] ModelIntegratedComponent:63 - No mode defined for component null
2024-11-14 17:29:03,881 [WARN] ModelIntegratedComponent:63 - No mode defined for component null
2024-11-14 17:29:03,881 [WARN] ModelIntegratedComponent:63 - No mode defined for component null
2024-11-14 17:29:03,881 [WARN] ModelIntegratedComponent:63 - No mode defined for component null
2024-11-14 17:29:03,881 [WARN] ModelIntegratedComponent:63 - No mode defined for component null
2024-11-14 17:29:03,881 [WARN] ModelIntegratedComponent:63 - No mode defined for component null
2024-11-14 17:29:03,881 [WARN] ModelIntegratedComponent:63 - No mode defined for component null
2024-11-14 17:29:03,881 [WARN] ModelIntegratedComponent:63 - No mode defined for component null
2024-11-14 17:29:03,881 [WARN] ModelIntegratedComponent:63 - No mode defined for component null
2024-11-14 17:29:03,881 [WARN] ModelIntegratedComponent:63 - No mode defined for component null
2024-11-14 17:29:03,881 [WARN] ModelIntegratedComponent:63 - No mode defined for component null
2024-11-14 17:29:03,881 [WARN] ModelIntegratedComponent:63 - No mode defined for component null
2024-11-14 17:29:03,881 [WARN] ModelIntegratedComponent:63 - No mode defined for component null
2024-11-14 17:29:03,881 [WARN] ModelIntegratedComponent:63 - No mode defined for component null
2024-11-14 17:29:03,881 [WARN] ModelIntegratedComponent:63 - No mode defined for component null
2024-11-14 17:29:03,881 [WARN] ModelIntegratedComponent:63 - No mode defined for component null
2024-11-14 17:29:03,881 [WARN] ModelIntegratedComponent:63 - No mode defined for component null
2024-11-14 17:29:03,881 [WARN] ModelIntegratedComponent:63 - No mode defined for component null
2024-11-14 17:29:03,881 [WARN] ModelIntegratedComponent:63 - No mode defined for component null
2024-11-14 17:29:03,881 [WARN] ModelIntegratedComponent:63 - No mode defined for component null
2024-11-14 17:29:03,881 [WARN] ModelIntegratedComponent:63 - No mode defined for component null
2024-11-14 17:29:03,881 [WARN] ModelIntegratedComponent:63 - No mode defined for component null
2024-11-14 17:29:03,905 [INFO] ThirdPartyModel:298 - Start build external matchings
2024-11-14 17:29:04,201 [INFO] ThirdPartyModel:316 - End build external matchings
2024-11-14 17:29:04,452 [INFO] UtilMem:75 - End LoadConfig() Used Memory: 268206424 Bytes (523239424)
2024-11-14 17:29:04,530 [INFO] MicroXplorer:468 - Change Database Path : 
2024-11-14 17:29:04,531 [INFO] MicroXplorer:498 - Change Database Version : DB.6.0.100
2024-11-14 17:29:04,531 [WARN] ThirdParty:833 - waiting for thirdparty lock release [change project]
2024-11-14 17:29:04,531 [INFO] ThirdParty:835 - entering critical section [change project]
2024-11-14 17:29:04,531 [INFO] ThirdParty:1030 - CMSIS Pack Vendor :STMicroelectronics USBPD 4.1
2024-11-14 17:29:04,531 [INFO] ThirdParty:1030 - CMSIS Pack Vendor :STMicroelectronics X-CUBE-AZRTOS-H7 3.3.0
2024-11-14 17:29:04,531 [INFO] ThirdParty:1030 - CMSIS Pack Vendor :STMicroelectronics X-CUBE-NFC9 1.0.0
2024-11-14 17:29:04,531 [INFO] ThirdParty:1030 - CMSIS Pack Vendor :STMicroelectronics USB_HOST 2.0.0
2024-11-14 17:29:04,531 [INFO] ThirdParty:1030 - CMSIS Pack Vendor :STMicroelectronics FP-SNS-MOTENVWB1 1.4.0
2024-11-14 17:29:04,531 [INFO] ThirdParty:1030 - CMSIS Pack Vendor :STMicroelectronics X-CUBE-AZRTOS-F4 1.1.0
2024-11-14 17:29:04,532 [INFO] ThirdParty:1030 - CMSIS Pack Vendor :STMicroelectronics LIBJPEG 8.0.0
2024-11-14 17:29:04,532 [INFO] ThirdParty:1030 - CMSIS Pack Vendor :STMicroelectronics FP-ATR-ASTRA1 2.0.1
2024-11-14 17:29:04,532 [INFO] ThirdParty:1030 - CMSIS Pack Vendor :STMicroelectronics X-CUBE-SMBUS 2.1.0
2024-11-14 17:29:04,532 [INFO] ThirdParty:1030 - CMSIS Pack Vendor :STMicroelectronics X-CUBE-WB05N 1.1.0
2024-11-14 17:29:04,532 [INFO] ThirdParty:1030 - CMSIS Pack Vendor :STMicroelectronics USB_DEVICE 3.0.0
2024-11-14 17:29:04,532 [INFO] ThirdParty:1030 - CMSIS Pack Vendor :STMicroelectronics X-CUBE-TCPP 4.1.0
2024-11-14 17:29:04,532 [INFO] ThirdParty:1030 - CMSIS Pack Vendor :STMicroelectronics X-CUBE-ISPU 2.1.0
2024-11-14 17:29:04,532 [INFO] ThirdParty:1030 - CMSIS Pack Vendor :STMicroelectronics X-CUBE-FREERTOS 1.2.0
2024-11-14 17:29:04,532 [INFO] ThirdParty:1030 - CMSIS Pack Vendor :STMicroelectronics X-CUBE-IPS 3.0.0
2024-11-14 17:29:04,532 [INFO] ThirdParty:1030 - CMSIS Pack Vendor :STMicroelectronics X-CUBE-AZRTOS-WB 2.0.0
2024-11-14 17:29:04,532 [INFO] ThirdParty:1030 - CMSIS Pack Vendor :STMicroelectronics X-CUBE-GNSS1 7.0.0
2024-11-14 17:29:04,532 [INFO] ThirdParty:1030 - CMSIS Pack Vendor :STMicroelectronics X-CUBE-AZRTOS-F7 1.1.0
2024-11-14 17:29:04,532 [INFO] ThirdParty:1030 - CMSIS Pack Vendor :STMicroelectronics X-CUBE-AZRTOS-L5 2.0.0
2024-11-14 17:29:04,532 [INFO] ThirdParty:1030 - CMSIS Pack Vendor :STMicroelectronics USB_DEVICE 2.0.0
2024-11-14 17:29:04,532 [INFO] ThirdParty:1030 - CMSIS Pack Vendor :STMicroelectronics X-CUBE-NFC6 3.1.0
2024-11-14 17:29:04,532 [INFO] ThirdParty:1030 - CMSIS Pack Vendor :STMicroelectronics FP-SNS-STBOX1 2.0.0
2024-11-14 17:29:04,532 [INFO] ThirdParty:1030 - CMSIS Pack Vendor :STMicroelectronics X-CUBE-MEMS1 11.0.0
2024-11-14 17:29:04,532 [INFO] ThirdParty:1030 - CMSIS Pack Vendor :STMicroelectronics FreeRTOS 0.0.1
2024-11-14 17:29:04,532 [INFO] ThirdParty:1030 - CMSIS Pack Vendor :STMicroelectronics X-CUBE-AZRTOS-G0 1.1.0
2024-11-14 17:29:04,532 [INFO] ThirdParty:1030 - CMSIS Pack Vendor :STMicroelectronics X-CUBE-SAFEA1 1.2.2
2024-11-14 17:29:04,532 [INFO] ThirdParty:1030 - CMSIS Pack Vendor :STMicroelectronics X-CUBE-NFC4 3.0.0
2024-11-14 17:29:04,532 [INFO] ThirdParty:1030 - CMSIS Pack Vendor :STMicroelectronics X-CUBE-DPower 1.2.0
2024-11-14 17:29:04,532 [INFO] ThirdParty:1030 - CMSIS Pack Vendor :STMicroelectronics X-CUBE-SUBG2 5.0.0
2024-11-14 17:29:04,532 [INFO] ThirdParty:1030 - CMSIS Pack Vendor :STMicroelectronics STM32_WPAN 1.0.0
2024-11-14 17:29:04,532 [INFO] ThirdParty:1030 - CMSIS Pack Vendor :EmbeddedOffice I-CUBE-FS-RTOS 1.0.1
2024-11-14 17:29:04,532 [INFO] ThirdParty:1030 - CMSIS Pack Vendor :STMicroelectronics lwIP 2.0.3
2024-11-14 17:29:04,532 [INFO] ThirdParty:1030 - CMSIS Pack Vendor :STMicroelectronics FP-SNS-FLIGHT1 5.0.2
2024-11-14 17:29:04,532 [INFO] ThirdParty:1030 - CMSIS Pack Vendor :Cesanta I-CUBE-Mongoose 7.13.0
2024-11-14 17:29:04,532 [INFO] ThirdParty:1030 - CMSIS Pack Vendor :STMicroelectronics USB_HOST 1.0.0
2024-11-14 17:29:04,532 [INFO] ThirdParty:1030 - CMSIS Pack Vendor :STMicroelectronics X-CUBE-AZRTOS-G4 2.0.0
2024-11-14 17:29:04,532 [INFO] ThirdParty:1030 - CMSIS Pack Vendor :STMicroelectronics PDM2PCM 3.1.0
2024-11-14 17:29:04,532 [INFO] ThirdParty:1030 - CMSIS Pack Vendor :STMicroelectronics PDM2PCM 3.3.0
2024-11-14 17:29:04,532 [INFO] ThirdParty:1030 - CMSIS Pack Vendor :STMicroelectronics X-CUBE-DISPLAY 3.0.0
2024-11-14 17:29:04,532 [INFO] ThirdParty:1030 - CMSIS Pack Vendor :RealThread X-CUBE-RT-Thread_Nano 4.1.1
2024-11-14 17:29:04,532 [INFO] ThirdParty:1030 - CMSIS Pack Vendor :STMicroelectronics X-CUBE-BLE1 7.0.0
2024-11-14 17:29:04,532 [INFO] ThirdParty:1030 - CMSIS Pack Vendor :STMicroelectronics FP-ATR-SIGFOX1 3.2.0
2024-11-14 17:29:04,532 [INFO] ThirdParty:1030 - CMSIS Pack Vendor :STMicroelectronics X-CUBE-NFC10 1.0.0
2024-11-14 17:29:04,532 [INFO] ThirdParty:1030 - CMSIS Pack Vendor :quantropi X-CUBE-qispace-sdk-base 1.9.3
2024-11-14 17:29:04,532 [INFO] ThirdParty:1030 - CMSIS Pack Vendor :STMicroelectronics X-CUBE-EEPRMA1 5.1.0
2024-11-14 17:29:04,532 [INFO] ThirdParty:1030 - CMSIS Pack Vendor :STMicroelectronics HAL Drivers 0.0.0
2024-11-14 17:29:04,532 [INFO] ThirdParty:1030 - CMSIS Pack Vendor :STMicroelectronics MBEDTLS 2.16.2
2024-11-14 17:29:04,533 [INFO] ThirdParty:1030 - CMSIS Pack Vendor :STMicroelectronics X-CUBE-ALS 1.0.2
2024-11-14 17:29:04,533 [INFO] ThirdParty:1030 - CMSIS Pack Vendor :emotas I-CUBE-CANOPEN 1.3.0
2024-11-14 17:29:04,533 [INFO] ThirdParty:1030 - CMSIS Pack Vendor :wolfSSL I-CUBE-wolfSSL 5.7.4
2024-11-14 17:29:04,533 [INFO] ThirdParty:1030 - CMSIS Pack Vendor :STMicroelectronics X-CUBE-NFC7 1.0.1
2024-11-14 17:29:04,533 [INFO] ThirdParty:1030 - CMSIS Pack Vendor :STMicroelectronics MBEDTLS 2.14.1
2024-11-14 17:29:04,533 [INFO] ThirdParty:1030 - CMSIS Pack Vendor :ITTIA_DB I-CUBE-ITTIADB 8.9.0
2024-11-14 17:29:04,533 [INFO] ThirdParty:1030 - CMSIS Pack Vendor :STMicroelectronics X-CUBE-TOUCHGFX 4.24.1
2024-11-14 17:29:04,533 [INFO] ThirdParty:1030 - CMSIS Pack Vendor :wolfSSL I-CUBE-wolfTPM 3.4.0
2024-11-14 17:29:04,533 [INFO] ThirdParty:1030 - CMSIS Pack Vendor :portGmbH I-Cube-SoM-uGOAL 1.1.0
2024-11-14 17:29:04,533 [INFO] ThirdParty:1030 - CMSIS Pack Vendor :STMicroelectronics X-CUBE-BLEMGR 3.1.0
2024-11-14 17:29:04,533 [INFO] ThirdParty:1030 - CMSIS Pack Vendor :STMicroelectronics ThreadX 1.0.0
2024-11-14 17:29:04,533 [INFO] ThirdParty:1030 - CMSIS Pack Vendor :STMicroelectronics FP-SNS-SMARTAG2 1.2.0
2024-11-14 17:29:04,533 [INFO] ThirdParty:1030 - CMSIS Pack Vendor :STMicroelectronics X-CUBE-AZRTOS-WL 2.0.0
2024-11-14 17:29:04,533 [INFO] ThirdParty:1030 - CMSIS Pack Vendor :SEGGER I-CUBE-embOS 1.3.1
2024-11-14 17:29:04,533 [INFO] ThirdParty:1030 - CMSIS Pack Vendor :STMicroelectronics X-CUBE-ALGOBUILD 1.4.0
2024-11-14 17:29:04,533 [INFO] ThirdParty:1030 - CMSIS Pack Vendor :STMicroelectronics FP-SNS-MOTENV1 5.0.0
2024-11-14 17:29:04,533 [INFO] ThirdParty:1030 - CMSIS Pack Vendor :STMicroelectronics USB_DEVICE 1.0.0
2024-11-14 17:29:04,533 [INFO] ThirdParty:1030 - CMSIS Pack Vendor :STMicroelectronics X-CUBE-AZRTOS-H7RS 1.0.0
2024-11-14 17:29:04,533 [INFO] ThirdParty:1030 - CMSIS Pack Vendor :wolfSSL I-CUBE-wolfMQTT 1.19.0
2024-11-14 17:29:04,533 [INFO] ThirdParty:1030 - CMSIS Pack Vendor :STMicroelectronics X-CUBE-AZRTOS-L4 2.0.0
2024-11-14 17:29:04,533 [INFO] ThirdParty:1030 - CMSIS Pack Vendor :STMicroelectronics ThreadX 0.0.2
2024-11-14 17:29:04,533 [INFO] ThirdParty:1030 - CMSIS Pack Vendor :WES I-CUBE-Cesium 1.3.0
2024-11-14 17:29:04,533 [INFO] ThirdParty:1030 - CMSIS Pack Vendor :STMicroelectronics lwIP 2.1.2
2024-11-14 17:29:04,533 [INFO] ThirdParty:1030 - CMSIS Pack Vendor :STMicroelectronics X-CUBE-SFXS2LP1 4.0.0
2024-11-14 17:29:04,533 [INFO] ThirdParty:1030 - CMSIS Pack Vendor :STMicroelectronics X-CUBE-BLE2 3.3.0
2024-11-14 17:29:04,533 [INFO] ThirdParty:1030 - CMSIS Pack Vendor :STMicroelectronics X-CUBE-TOF1 3.4.2
2024-11-14 17:29:04,533 [INFO] ThirdParty:1030 - CMSIS Pack Vendor :STMicroelectronics X-CUBE-AI 9.1.0
2024-11-14 17:29:04,533 [INFO] ThirdParty:1030 - CMSIS Pack Vendor :Infineon AIROC-Wi-Fi-Bluetooth-STM32 1.6.1
2024-11-14 17:29:04,533 [INFO] ThirdParty:1030 - CMSIS Pack Vendor :STMicroelectronics PDM2PCM 3.2.0
2024-11-14 17:29:04,534 [INFO] ThirdParty:1030 - CMSIS Pack Vendor :wolfSSL I-CUBE-wolfSSH 1.4.17
2024-11-14 17:29:04,534 [INFO] ThirdParty:841 - exiting critical section [change project]
2024-11-14 17:29:04,777 [INFO] PinOutPanel:1499 - setPackage(No Configuration,No Configuration)
2024-11-14 17:29:04,780 [INFO] PinOutPanel:1499 - setPackage(STM32F401RETx,LQFP64)
2024-11-14 17:29:05,186 [INFO] UtilMem:75 - Before build in PCC Used Memory: 395648208 Bytes (523239424)
2024-11-14 17:29:05,852 [ERROR] LogOutputStream:75 - [STDERR_REDIRECT] SLF4J: Failed to load class "org.slf4j.impl.StaticLoggerBinder".
2024-11-14 17:29:05,853 [ERROR] LogOutputStream:75 - [STDERR_REDIRECT] SLF4J: Defaulting to no-operation (NOP) logger implementation
2024-11-14 17:29:05,855 [ERROR] LogOutputStream:75 - [STDERR_REDIRECT] SLF4J: See http://www.slf4j.org/codes.html#StaticLoggerBinder for further details.
2024-11-14 17:29:06,268 [INFO] UtilMem:75 - After build in PCC Used Memory: 283745280 Bytes (523239424)
2024-11-14 17:29:06,290 [INFO] IPUIPlugin:80 - create IPUIPlugin
2024-11-14 17:29:06,290 [INFO] IPUIPlugin:80 - create IPUIPlugin
2024-11-14 17:29:06,290 [INFO] IPUIPlugin:80 - create IPUIPlugin
2024-11-14 17:29:06,290 [INFO] IPUIPlugin:80 - create IPUIPlugin
2024-11-14 17:29:06,291 [INFO] IPUIPlugin:80 - create IPUIPlugin
2024-11-14 17:29:06,291 [INFO] IPUIPlugin:80 - create IPUIPlugin
2024-11-14 17:29:06,291 [INFO] IPUIPlugin:80 - create IPUIPlugin
2024-11-14 17:29:06,291 [INFO] IPUIPlugin:80 - create IPUIPlugin
2024-11-14 17:29:06,291 [INFO] IPUIPlugin:80 - create IPUIPlugin
2024-11-14 17:29:06,291 [INFO] IPUIPlugin:80 - create IPUIPlugin
2024-11-14 17:29:06,291 [INFO] IPUIPlugin:80 - create IPUIPlugin
2024-11-14 17:29:06,291 [INFO] IPUIPlugin:80 - create IPUIPlugin
2024-11-14 17:29:06,293 [INFO] IPUIPlugin:80 - create IPUIPlugin
2024-11-14 17:29:06,293 [INFO] IPUIPlugin:80 - create IPUIPlugin
2024-11-14 17:29:06,293 [INFO] IPUIPlugin:80 - create IPUIPlugin
2024-11-14 17:29:06,293 [INFO] IPUIPlugin:80 - create IPUIPlugin
2024-11-14 17:29:06,293 [INFO] IPUIPlugin:80 - create IPUIPlugin
2024-11-14 17:29:06,293 [INFO] IPUIPlugin:80 - create IPUIPlugin
2024-11-14 17:29:06,293 [INFO] IPUIPlugin:80 - create IPUIPlugin
2024-11-14 17:29:06,293 [INFO] IPUIPlugin:80 - create IPUIPlugin
2024-11-14 17:29:06,293 [INFO] IPUIPlugin:80 - create IPUIPlugin
2024-11-14 17:29:06,294 [INFO] IPUIPlugin:80 - create IPUIPlugin
2024-11-14 17:29:06,294 [INFO] IPUIPlugin:80 - create IPUIPlugin
2024-11-14 17:29:06,294 [INFO] IPUIPlugin:80 - create IPUIPlugin
2024-11-14 17:29:06,294 [INFO] IPUIPlugin:80 - create IPUIPlugin
2024-11-14 17:29:06,294 [INFO] IPUIPlugin:80 - create IPUIPlugin
2024-11-14 17:29:06,294 [INFO] IPUIPlugin:80 - create IPUIPlugin
2024-11-14 17:29:06,294 [INFO] IPUIPlugin:80 - create IPUIPlugin
2024-11-14 17:29:06,294 [INFO] IPUIPlugin:80 - create IPUIPlugin
2024-11-14 17:29:06,294 [INFO] IPUIPlugin:80 - create IPUIPlugin
2024-11-14 17:29:06,294 [INFO] IPUIPlugin:80 - create IPUIPlugin
2024-11-14 17:29:06,295 [INFO] IPUIPlugin:80 - create IPUIPlugin
2024-11-14 17:29:06,295 [INFO] IPUIPlugin:80 - create IPUIPlugin
2024-11-14 17:29:06,295 [INFO] IPUIPlugin:80 - create IPUIPlugin
2024-11-14 17:29:06,295 [INFO] IPUIPlugin:80 - create IPUIPlugin
2024-11-14 17:29:06,295 [INFO] IPUIPlugin:80 - create IPUIPlugin
2024-11-14 17:29:06,295 [INFO] IPUIPlugin:80 - create IPUIPlugin
2024-11-14 17:29:06,295 [INFO] IPUIPlugin:80 - create IPUIPlugin
2024-11-14 17:29:06,503 [INFO] ApiDbMcu:508 - Load IP Config File for PDM2PCM
2024-11-14 17:29:06,732 [INFO] CADModel:165 - CPN selected for project levelSTM32F401RET6
2024-11-14 17:29:06,732 [INFO] CADModel:114 - Register for checkConnection events
2024-11-14 17:29:06,782 [INFO] OpenFileManager:343 - Restore cursor
2024-11-14 17:29:07,503 [INFO] UtilMem:75 - End SaveConfig() Used Memory: 312563024 Bytes (523239424)
2024-11-14 17:29:07,562 [INFO] UtilMem:75 - End SaveConfig() Used Memory: 341126416 Bytes (523239424)
2024-11-14 17:29:07,897 [INFO] BlockDiagram:2759 - set Specific Code input for plugin: NVIC
2024-11-14 17:29:07,897 [INFO] BlockDiagram:2759 - set Specific Code input for plugin: USART
2024-11-14 17:29:07,897 [INFO] BlockDiagram:2759 - set Specific Code input for plugin: SYS
2024-11-14 17:29:07,897 [INFO] BlockDiagram:2759 - set Specific Code input for plugin: GPIO
2024-11-14 17:29:07,898 [INFO] BlockDiagram:2759 - set Specific Code input for plugin: RCC
2024-11-14 17:29:07,898 [INFO] CodeGenerator:807 - code generatio: config db path: C:\ST\STM32CubeIDE_1.14.1\STM32CubeIDE\plugins\com.st.stm32cube.common.mx_6.10.0.202311202037\\db\
2024-11-14 17:29:08,062 [INFO] CodeEngine:255 - oldGeneratedFile, D:\stm32_projects\serial_rx\serial_rx\MXTmpFiles\license.tmp_save
2024-11-14 17:29:08,478 [INFO] CodeEngine:279 - Generated code: D:\stm32_projects\serial_rx\serial_rx\MXTmpFiles\license.tmp
2024-11-14 17:29:08,584 [INFO] CodeEngine:255 - oldGeneratedFile, D:\stm32_projects\serial_rx\serial_rx\MXTmpFiles\gpio.tmp_save
2024-11-14 17:29:08,720 [INFO] CodeEngine:279 - Generated code: D:\stm32_projects\serial_rx\serial_rx\MXTmpFiles\gpio.tmp
2024-11-14 17:29:08,810 [INFO] CodeEngine:255 - oldGeneratedFile, D:\stm32_projects\serial_rx\serial_rx\Core\Src\stm32f4xx_it.c_save
2024-11-14 17:29:08,923 [INFO] CodeEngine:279 - Generated code: D:\stm32_projects\serial_rx\serial_rx\Core\Src\stm32f4xx_it.c
2024-11-14 17:29:08,935 [INFO] CodeEngine:255 - oldGeneratedFile, D:\stm32_projects\serial_rx\serial_rx\Core\Inc\stm32f4xx_it.h_save
2024-11-14 17:29:09,006 [INFO] CodeEngine:279 - Generated code: D:\stm32_projects\serial_rx\serial_rx\Core\Inc\stm32f4xx_it.h
2024-11-14 17:29:09,025 [INFO] CodeEngine:255 - oldGeneratedFile, D:\stm32_projects\serial_rx\serial_rx\Core\Src\stm32f4xx_hal_msp.c_save
2024-11-14 17:29:09,136 [INFO] CodeEngine:279 - Generated code: D:\stm32_projects\serial_rx\serial_rx\Core\Src\stm32f4xx_hal_msp.c
2024-11-14 17:29:09,139 [INFO] CodeEngine:255 - oldGeneratedFile, D:\stm32_projects\serial_rx\serial_rx\MXTmpFiles\system.tmp_save
2024-11-14 17:29:09,191 [INFO] CodeEngine:279 - Generated code: D:\stm32_projects\serial_rx\serial_rx\MXTmpFiles\system.tmp
2024-11-14 17:29:09,206 [INFO] CodeEngine:311 - oldGeneratedFile, D:\stm32_projects\serial_rx\serial_rx\Core\Inc\stm32f4xx_hal_conf.h_save
2024-11-14 17:29:09,283 [INFO] CodeEngine:335 - Generated code: D:\stm32_projects\serial_rx\serial_rx\Core\Inc\stm32f4xx_hal_conf.h
2024-11-14 17:29:09,331 [INFO] CodeEngine:255 - oldGeneratedFile, D:\stm32_projects\serial_rx\serial_rx\Core\Inc\main.h_save
2024-11-14 17:29:09,412 [INFO] CodeEngine:279 - Generated code: D:\stm32_projects\serial_rx\serial_rx\Core\Inc\main.h
2024-11-14 17:29:09,425 [INFO] CodeEngine:255 - oldGeneratedFile, D:\stm32_projects\serial_rx\serial_rx\Core\Src\main.c_save
2024-11-14 17:29:09,530 [INFO] CodeEngine:279 - Generated code: D:\stm32_projects\serial_rx\serial_rx\Core\Src\main.c
2024-11-14 17:29:09,899 [INFO] ProjectBuilder:3076 - Time for Copy HAL[1] : 79mS.
2024-11-14 17:29:09,907 [INFO] ProjectBuilder:4485 - Project Generator version: 4.2.0-B44
2024-11-14 17:29:10,093 [INFO] ConfigFileManager:1495 - The Die is : DIE433
2024-11-14 17:29:10,104 [INFO] ApiDbMcu:508 - Load IP Config File for FATFS
2024-11-14 17:29:10,127 [INFO] ApiDbMcu:508 - Load IP Config File for FREERTOS
2024-11-14 17:29:10,130 [INFO] ApiDbMcu:508 - Load IP Config File for LIBJPEG
2024-11-14 17:29:10,155 [INFO] ApiDbMcu:508 - Load IP Config File for MBEDTLS
2024-11-14 17:29:10,180 [INFO] ApiDbMcu:508 - Load IP Config File for USB_DEVICE
2024-11-14 17:29:10,187 [INFO] ApiDbMcu:508 - Load IP Config File for USB_HOST
2024-11-14 17:29:10,793 [INFO] LogOutputStream:77 - [STDOUT_REDIRECT] 
2024-11-14 17:29:11,891 [INFO] ProjectBuilder:4747 - Time for Generating toolchain IDE Files: 1983mS.
2024-11-14 17:29:11,892 [INFO] ProjectBuilder:2947 - Time for Copy CMSIS : 1mS.
2024-11-14 17:29:11,894 [INFO] ProjectBuilder:2947 - Time for Copy CMSIS : 0mS.
2024-11-14 17:29:12,541 [INFO] McuFinderGlobals:76 - Set McuFinderConnectedMode to true
2024-11-14 17:29:12,597 [INFO] ApiDb:448 - Save user favorites file C:\Users\Dr. Umesh Dutta/.stm32cubeide/favorites.mcus.txt: 0 item(s)
2024-11-14 17:29:12,597 [INFO] ApiDb:452 - User favorites MCUs=[]
2024-11-14 17:52:28,059 [ERROR] LogOutputStream:75 - [STDERR_REDIRECT] 
